This file contains any messages produced by compilers while
running configure, to aid debugging if configure makes a mistake.

It was created by OpenPA configure 1.0.3, which was
generated by GNU Autoconf 2.69.  Invocation command line was

  $ ./configure --disable-option-checking --prefix=/global/homes/j/jialin/install --with-atomic-primitives=auto_allow_emulation --enable-fortran=no --cache-file=/dev/null --srcdir=.

## --------- ##
## Platform. ##
## --------- ##

hostname = hopper05
uname -m = x86_64
uname -r = 2.6.32.59-0.7-default
uname -s = Linux
uname -v = #1 SMP 2012-07-13 15:50:56 +0200

/usr/bin/uname -p = unknown
/bin/uname -X     = unknown

/bin/arch              = x86_64
/usr/bin/arch -k       = unknown
/usr/convex/getsysinfo = unknown
/usr/bin/hostinfo      = unknown
/bin/machine           = unknown
/usr/bin/oslevel       = unknown
/bin/universe          = unknown

PATH: /usr/common/usg/darshan/2.3.0/bin
PATH: /usr/common/usg/bin
PATH: /usr/common/mss/bin
PATH: /usr/common/nsg/bin
PATH: /opt/moab/7.2.7/bin
PATH: /opt/moab/7.2.7/sbin
PATH: /opt/torque/4.2.7.h1/sbin
PATH: /opt/torque/4.2.7.h1/bin
PATH: /opt/cray/atp/1.7.0/bin
PATH: /opt/cray/switch/1.0-1.0402.45840.2.63.gem/bin
PATH: /opt/cray/shared-root/1.0-1.0402.46893.3.17.gem/bin
PATH: /opt/cray/pdsh/2.26-1.0402.45278.1.1.gem/bin
PATH: /opt/cray/nodehealth/5.1-1.0402.45895.3.76.gem/bin
PATH: /opt/cray/lbcd/2.1-1.0402.45245.1.2.gem/bin
PATH: /opt/cray/hosts/1.0-1.0402.45251.1.86.gem/bin
PATH: /opt/cray/configuration/1.0-1.0402.45284.1.2.gem/bin
PATH: /opt/cray/ccm/default/sbin
PATH: /opt/cray/ccm/default/bin
PATH: /opt/cray/audit/1.0.0-1.0402.45273.1.86.gem/bin
PATH: /opt/cray/rca/1.0.0-2.0402.47290.7.1.gem/bin
PATH: /opt/cray/csa/3.0.0-1_2.0402.45268.1.90.gem/sbin
PATH: /opt/cray/csa/3.0.0-1_2.0402.45268.1.90.gem/bin
PATH: /opt/cray/job/1.5.5-0.1_2.0402.45272.1.5.gem/bin
PATH: /opt/cray/xpmem/0.1-2.0402.45248.1.5.gem/bin
PATH: /opt/cray/dmapp/4.0.1-1.0402.7784.4.1.gem/bin
PATH: /opt/cray/pmi/4.0.1-1.0000.9753.86.3.gem/bin
PATH: /opt/cray/ugni/5.0-1.0402.7551.1.10.gem/bin
PATH: /opt/cray/udreg/2.3.2-1.0402.7546.1.5.gem/bin
PATH: /opt/pgi/13.6.0/linux86-64/13.6/bin
PATH: /opt/cray/xt-asyncpe/5.23/bin
PATH: /opt/cray/eslogin/eswrap/1.0.20-1.010102.662.0/bin
PATH: /opt/modules/3.2.6.7/bin
PATH: /usr/syscom/nsg/sbin
PATH: /usr/syscom/nsg/bin
PATH: /opt/modules/3.2.6.6/bin
PATH: /usr/lpp/mmfs/bin
PATH: /usr/bin
PATH: /bin
PATH: /usr/sbin
PATH: /sbin
PATH: /usr/local/bin
PATH: /usr/bin/X11
PATH: /usr/X11R6/bin
PATH: /usr/games
PATH: /usr/lib/mit/bin
PATH: /usr/lib/mit/sbin
PATH: /usr/lib/qt3/bin
PATH: /opt/cray/bin


## ----------- ##
## Core tests. ##
## ----------- ##

configure:2469: checking for a BSD-compatible install
configure:2537: result: /usr/bin/install -c
configure:2548: checking whether build environment is sane
configure:2603: result: yes
configure:2754: checking for a thread-safe mkdir -p
configure:2793: result: /bin/mkdir -p
configure:2800: checking for gawk
configure:2816: found /usr/bin/gawk
configure:2827: result: gawk
configure:2838: checking whether make sets $(MAKE)
configure:2860: result: yes
configure:2889: checking whether make supports nested variables
configure:2906: result: yes
configure:3046: checking for style of include used by make
configure:3074: result: GNU
configure:3145: checking for gcc
configure:3172: result: pgcc
configure:3401: checking for C compiler version
configure:3410: pgcc --version >&5

pgcc 13.6-0 64-bit target on x86-64 Linux -tp shanghai 
Copyright 1989-2000, The Portland Group, Inc.  All Rights Reserved.
Copyright 2000-2013, STMicroelectronics, Inc.  All Rights Reserved.
configure:3421: $? = 0
configure:3410: pgcc -v >&5
pgcc-Warning-No files to process

configure:3421: $? = 0
configure:3410: pgcc -V >&5

pgcc 13.6-0 64-bit target on x86-64 Linux -tp shanghai 
Copyright 1989-2000, The Portland Group, Inc.  All Rights Reserved.
Copyright 2000-2013, STMicroelectronics, Inc.  All Rights Reserved.
configure:3421: $? = 0
configure:3410: pgcc -qversion >&5
pgcc-Error-Unknown switch: -qversion
configure:3421: $? = 1
configure:3441: checking whether the C compiler works
configure:3463: pgcc      -I/global/homes/j/jialin/mpich-ccpute/src/mpl/include -I/global/homes/j/jialin/mpich-ccpute/src/mpl/include -I/global/homes/j/jialin/mpich-ccpute/src/openpa/src -I/global/homes/j/jialin/mpich-ccpute/src/openpa/src   conftest.c   >&5
configure:3467: $? = 0
configure:3515: result: yes
configure:3518: checking for C compiler default output file name
configure:3520: result: a.out
configure:3526: checking for suffix of executables
configure:3533: pgcc -o conftest      -I/global/homes/j/jialin/mpich-ccpute/src/mpl/include -I/global/homes/j/jialin/mpich-ccpute/src/mpl/include -I/global/homes/j/jialin/mpich-ccpute/src/openpa/src -I/global/homes/j/jialin/mpich-ccpute/src/openpa/src   conftest.c   >&5
configure:3537: $? = 0
configure:3559: result: 
configure:3581: checking whether we are cross compiling
configure:3589: pgcc -o conftest      -I/global/homes/j/jialin/mpich-ccpute/src/mpl/include -I/global/homes/j/jialin/mpich-ccpute/src/mpl/include -I/global/homes/j/jialin/mpich-ccpute/src/openpa/src -I/global/homes/j/jialin/mpich-ccpute/src/openpa/src   conftest.c   >&5
configure:3593: $? = 0
configure:3600: ./conftest
configure:3604: $? = 0
configure:3619: result: no
configure:3624: checking for suffix of object files
configure:3646: pgcc -c      -I/global/homes/j/jialin/mpich-ccpute/src/mpl/include -I/global/homes/j/jialin/mpich-ccpute/src/mpl/include -I/global/homes/j/jialin/mpich-ccpute/src/openpa/src -I/global/homes/j/jialin/mpich-ccpute/src/openpa/src conftest.c >&5
configure:3650: $? = 0
configure:3671: result: o
configure:3675: checking whether we are using the GNU C compiler
configure:3694: pgcc -c      -I/global/homes/j/jialin/mpich-ccpute/src/mpl/include -I/global/homes/j/jialin/mpich-ccpute/src/mpl/include -I/global/homes/j/jialin/mpich-ccpute/src/openpa/src -I/global/homes/j/jialin/mpich-ccpute/src/openpa/src conftest.c >&5
PGC-S-0040-Illegal use of symbol, choke (conftest.c: 16)
PGC-W-0156-Type not specified, 'int' assumed (conftest.c: 16)
PGC/x86-64 Linux 13.6-0: compilation completed with severe errors
configure:3694: $? = 2
configure: failed program was:
| /* confdefs.h */
| #define PACKAGE_NAME "OpenPA"
| #define PACKAGE_TARNAME "openpa"
| #define PACKAGE_VERSION "1.0.3"
| #define PACKAGE_STRING "OpenPA 1.0.3"
| #define PACKAGE_BUGREPORT "https://trac.mcs.anl.gov/projects/openpa/newticket"
| #define PACKAGE_URL ""
| #define PACKAGE "openpa"
| #define VERSION "1.0.3"
| /* end confdefs.h.  */
| 
| int
| main ()
| {
| #ifndef __GNUC__
|        choke me
| #endif
| 
|   ;
|   return 0;
| }
configure:3703: result: no
configure:3712: checking whether pgcc accepts -g
configure:3732: pgcc -c -g   -I/global/homes/j/jialin/mpich-ccpute/src/mpl/include -I/global/homes/j/jialin/mpich-ccpute/src/mpl/include -I/global/homes/j/jialin/mpich-ccpute/src/openpa/src -I/global/homes/j/jialin/mpich-ccpute/src/openpa/src conftest.c >&5
configure:3732: $? = 0
configure:3773: result: yes
configure:3790: checking for pgcc option to accept ISO C89
configure:3853: pgcc  -c      -I/global/homes/j/jialin/mpich-ccpute/src/mpl/include -I/global/homes/j/jialin/mpich-ccpute/src/mpl/include -I/global/homes/j/jialin/mpich-ccpute/src/openpa/src -I/global/homes/j/jialin/mpich-ccpute/src/openpa/src conftest.c >&5
PGC-W-0261-no macro replacement within a character constant (conftest.c: 44)
PGC/x86-64 Linux 13.6-0: compilation completed with warnings
configure:3853: $? = 0
configure:3866: result: none needed
configure:3891: checking whether pgcc understands -c and -o together
configure:3913: pgcc -c conftest.c -o conftest2.o
configure:3916: $? = 0
configure:3913: pgcc -c conftest.c -o conftest2.o
configure:3916: $? = 0
configure:3928: result: yes
configure:3947: checking dependency style of pgcc
configure:4058: result: pgcc
configure:4176: checking the archiver (ar) interface
configure:4192: pgcc -c      -I/global/homes/j/jialin/mpich-ccpute/src/mpl/include -I/global/homes/j/jialin/mpich-ccpute/src/mpl/include -I/global/homes/j/jialin/mpich-ccpute/src/openpa/src -I/global/homes/j/jialin/mpich-ccpute/src/openpa/src conftest.c >&5
configure:4192: $? = 0
configure:4194: ar cru libconftest.a conftest.o >&5
configure:4197: $? = 0
configure:4225: result: ar
configure:4279: checking build system type
configure:4293: result: x86_64-unknown-linux-gnu
configure:4313: checking host system type
configure:4326: result: x86_64-unknown-linux-gnu
configure:4367: checking how to print strings
configure:4394: result: printf
configure:4415: checking for a sed that does not truncate output
configure:4479: result: /usr/bin/sed
configure:4497: checking for grep that handles long lines and -e
configure:4555: result: /usr/bin/grep
configure:4560: checking for egrep
configure:4622: result: /usr/bin/grep -E
configure:4627: checking for fgrep
configure:4689: result: /usr/bin/grep -F
configure:4757: checking for non-GNU ld
configure:4791: result: /usr/bin/X11/ld
configure:4798: checking if the linker (/usr/bin/X11/ld) is GNU ld
configure:4813: result: yes
configure:4825: checking for BSD- or MS-compatible name lister (nm)
configure:4874: result: /usr/bin/nm -B
configure:5004: checking the name lister (/usr/bin/nm -B) interface
configure:5011: pgcc -c      -I/global/homes/j/jialin/mpich-ccpute/src/mpl/include -I/global/homes/j/jialin/mpich-ccpute/src/mpl/include -I/global/homes/j/jialin/mpich-ccpute/src/openpa/src -I/global/homes/j/jialin/mpich-ccpute/src/openpa/src conftest.c >&5
configure:5014: /usr/bin/nm -B "conftest.o"
configure:5017: output
0000000000000000 D some_variable
configure:5024: result: BSD nm
configure:5027: checking whether ln -s works
configure:5031: result: yes
configure:5039: checking the maximum length of command line arguments
configure:5169: result: 3458764513820540925
configure:5186: checking whether the shell understands some XSI constructs
configure:5196: result: yes
configure:5200: checking whether the shell understands "+="
configure:5206: result: yes
configure:5241: checking how to convert x86_64-unknown-linux-gnu file names to x86_64-unknown-linux-gnu format
configure:5281: result: func_convert_file_noop
configure:5288: checking how to convert x86_64-unknown-linux-gnu file names to toolchain format
configure:5308: result: func_convert_file_noop
configure:5315: checking for /usr/bin/X11/ld option to reload object files
configure:5322: result: -r
configure:5396: checking for objdump
configure:5412: found /usr/bin/objdump
configure:5423: result: objdump
configure:5455: checking how to recognize dependent libraries
configure:5657: result: pass_all
configure:5742: checking for dlltool
configure:5772: result: no
configure:5802: checking how to associate runtime and link libraries
configure:5829: result: printf %s\n
configure:5953: checking for archiver @FILE support
configure:5970: pgcc -c      -I/global/homes/j/jialin/mpich-ccpute/src/mpl/include -I/global/homes/j/jialin/mpich-ccpute/src/mpl/include -I/global/homes/j/jialin/mpich-ccpute/src/openpa/src -I/global/homes/j/jialin/mpich-ccpute/src/openpa/src conftest.c >&5
configure:5970: $? = 0
configure:5973: ar cru libconftest.a @conftest.lst >&5
configure:5976: $? = 0
configure:5981: ar cru libconftest.a @conftest.lst >&5
ar: conftest.o: No such file or directory
configure:5984: $? = 1
configure:5996: result: @
configure:6054: checking for strip
configure:6070: found /usr/bin/strip
configure:6081: result: strip
configure:6153: checking for ranlib
configure:6180: result: ranlib
configure:6282: checking command to parse /usr/bin/nm -B output from pgcc object
configure:6402: pgcc -c      -I/global/homes/j/jialin/mpich-ccpute/src/mpl/include -I/global/homes/j/jialin/mpich-ccpute/src/mpl/include -I/global/homes/j/jialin/mpich-ccpute/src/openpa/src -I/global/homes/j/jialin/mpich-ccpute/src/openpa/src conftest.c >&5
configure:6405: $? = 0
configure:6409: /usr/bin/nm -B conftest.o \| sed -n -e 's/^.*[ ]\([ABCDGIRSTW][ABCDGIRSTW]*\)[ ][ ]*\([_A-Za-z][_A-Za-z0-9]*\)$/\1 \2 \2/p' | sed '/ __gnu_lto/d' \> conftest.nm
configure:6412: $? = 0
configure:6478: pgcc -o conftest      -I/global/homes/j/jialin/mpich-ccpute/src/mpl/include -I/global/homes/j/jialin/mpich-ccpute/src/mpl/include -I/global/homes/j/jialin/mpich-ccpute/src/openpa/src -I/global/homes/j/jialin/mpich-ccpute/src/openpa/src   conftest.c conftstm.o >&5
conftest.c:
configure:6481: $? = 0
configure:6519: result: ok
configure:6556: checking for sysroot
configure:6586: result: no
configure:6663: pgcc -c      -I/global/homes/j/jialin/mpich-ccpute/src/mpl/include -I/global/homes/j/jialin/mpich-ccpute/src/mpl/include -I/global/homes/j/jialin/mpich-ccpute/src/openpa/src -I/global/homes/j/jialin/mpich-ccpute/src/openpa/src conftest.c >&5
configure:6666: $? = 0
configure:6842: checking for mt
configure:6858: found /usr/bin/mt
configure:6869: result: mt
configure:6892: checking if mt is a manifest tool
configure:6898: mt '-?'
mt: invalid option -- ?
configure:6906: result: no
configure:7548: checking how to run the C preprocessor
configure:7579: pgcc -E   -I/global/homes/j/jialin/mpich-ccpute/src/mpl/include -I/global/homes/j/jialin/mpich-ccpute/src/mpl/include -I/global/homes/j/jialin/mpich-ccpute/src/openpa/src -I/global/homes/j/jialin/mpich-ccpute/src/openpa/src conftest.c
configure:7579: $? = 0
configure:7593: pgcc -E   -I/global/homes/j/jialin/mpich-ccpute/src/mpl/include -I/global/homes/j/jialin/mpich-ccpute/src/mpl/include -I/global/homes/j/jialin/mpich-ccpute/src/openpa/src -I/global/homes/j/jialin/mpich-ccpute/src/openpa/src conftest.c
PGC-F-0206-Can't find include file ac_nonexistent.h (conftest.c: 11)
PGC/x86-64 Linux 13.6-0: compilation aborted
configure:7593: $? = 2
configure: failed program was:
| /* confdefs.h */
| #define PACKAGE_NAME "OpenPA"
| #define PACKAGE_TARNAME "openpa"
| #define PACKAGE_VERSION "1.0.3"
| #define PACKAGE_STRING "OpenPA 1.0.3"
| #define PACKAGE_BUGREPORT "https://trac.mcs.anl.gov/projects/openpa/newticket"
| #define PACKAGE_URL ""
| #define PACKAGE "openpa"
| #define VERSION "1.0.3"
| /* end confdefs.h.  */
| #include <ac_nonexistent.h>
configure:7618: result: pgcc -E
configure:7638: pgcc -E   -I/global/homes/j/jialin/mpich-ccpute/src/mpl/include -I/global/homes/j/jialin/mpich-ccpute/src/mpl/include -I/global/homes/j/jialin/mpich-ccpute/src/openpa/src -I/global/homes/j/jialin/mpich-ccpute/src/openpa/src conftest.c
configure:7638: $? = 0
configure:7652: pgcc -E   -I/global/homes/j/jialin/mpich-ccpute/src/mpl/include -I/global/homes/j/jialin/mpich-ccpute/src/mpl/include -I/global/homes/j/jialin/mpich-ccpute/src/openpa/src -I/global/homes/j/jialin/mpich-ccpute/src/openpa/src conftest.c
PGC-F-0206-Can't find include file ac_nonexistent.h (conftest.c: 11)
PGC/x86-64 Linux 13.6-0: compilation aborted
configure:7652: $? = 2
configure: failed program was:
| /* confdefs.h */
| #define PACKAGE_NAME "OpenPA"
| #define PACKAGE_TARNAME "openpa"
| #define PACKAGE_VERSION "1.0.3"
| #define PACKAGE_STRING "OpenPA 1.0.3"
| #define PACKAGE_BUGREPORT "https://trac.mcs.anl.gov/projects/openpa/newticket"
| #define PACKAGE_URL ""
| #define PACKAGE "openpa"
| #define VERSION "1.0.3"
| /* end confdefs.h.  */
| #include <ac_nonexistent.h>
configure:7681: checking for ANSI C header files
configure:7701: pgcc -c      -I/global/homes/j/jialin/mpich-ccpute/src/mpl/include -I/global/homes/j/jialin/mpich-ccpute/src/mpl/include -I/global/homes/j/jialin/mpich-ccpute/src/openpa/src -I/global/homes/j/jialin/mpich-ccpute/src/openpa/src conftest.c >&5
configure:7701: $? = 0
configure:7774: pgcc -o conftest      -I/global/homes/j/jialin/mpich-ccpute/src/mpl/include -I/global/homes/j/jialin/mpich-ccpute/src/mpl/include -I/global/homes/j/jialin/mpich-ccpute/src/openpa/src -I/global/homes/j/jialin/mpich-ccpute/src/openpa/src   conftest.c   >&5
configure:7774: $? = 0
configure:7774: ./conftest
configure:7774: $? = 0
configure:7785: result: yes
configure:7798: checking for sys/types.h
configure:7798: pgcc -c      -I/global/homes/j/jialin/mpich-ccpute/src/mpl/include -I/global/homes/j/jialin/mpich-ccpute/src/mpl/include -I/global/homes/j/jialin/mpich-ccpute/src/openpa/src -I/global/homes/j/jialin/mpich-ccpute/src/openpa/src conftest.c >&5
configure:7798: $? = 0
configure:7798: result: yes
configure:7798: checking for sys/stat.h
configure:7798: pgcc -c      -I/global/homes/j/jialin/mpich-ccpute/src/mpl/include -I/global/homes/j/jialin/mpich-ccpute/src/mpl/include -I/global/homes/j/jialin/mpich-ccpute/src/openpa/src -I/global/homes/j/jialin/mpich-ccpute/src/openpa/src conftest.c >&5
configure:7798: $? = 0
configure:7798: result: yes
configure:7798: checking for stdlib.h
configure:7798: pgcc -c      -I/global/homes/j/jialin/mpich-ccpute/src/mpl/include -I/global/homes/j/jialin/mpich-ccpute/src/mpl/include -I/global/homes/j/jialin/mpich-ccpute/src/openpa/src -I/global/homes/j/jialin/mpich-ccpute/src/openpa/src conftest.c >&5
configure:7798: $? = 0
configure:7798: result: yes
configure:7798: checking for string.h
configure:7798: pgcc -c      -I/global/homes/j/jialin/mpich-ccpute/src/mpl/include -I/global/homes/j/jialin/mpich-ccpute/src/mpl/include -I/global/homes/j/jialin/mpich-ccpute/src/openpa/src -I/global/homes/j/jialin/mpich-ccpute/src/openpa/src conftest.c >&5
configure:7798: $? = 0
configure:7798: result: yes
configure:7798: checking for memory.h
configure:7798: pgcc -c      -I/global/homes/j/jialin/mpich-ccpute/src/mpl/include -I/global/homes/j/jialin/mpich-ccpute/src/mpl/include -I/global/homes/j/jialin/mpich-ccpute/src/openpa/src -I/global/homes/j/jialin/mpich-ccpute/src/openpa/src conftest.c >&5
configure:7798: $? = 0
configure:7798: result: yes
configure:7798: checking for strings.h
configure:7798: pgcc -c      -I/global/homes/j/jialin/mpich-ccpute/src/mpl/include -I/global/homes/j/jialin/mpich-ccpute/src/mpl/include -I/global/homes/j/jialin/mpich-ccpute/src/openpa/src -I/global/homes/j/jialin/mpich-ccpute/src/openpa/src conftest.c >&5
configure:7798: $? = 0
configure:7798: result: yes
configure:7798: checking for inttypes.h
configure:7798: pgcc -c      -I/global/homes/j/jialin/mpich-ccpute/src/mpl/include -I/global/homes/j/jialin/mpich-ccpute/src/mpl/include -I/global/homes/j/jialin/mpich-ccpute/src/openpa/src -I/global/homes/j/jialin/mpich-ccpute/src/openpa/src conftest.c >&5
configure:7798: $? = 0
configure:7798: result: yes
configure:7798: checking for stdint.h
configure:7798: pgcc -c      -I/global/homes/j/jialin/mpich-ccpute/src/mpl/include -I/global/homes/j/jialin/mpich-ccpute/src/mpl/include -I/global/homes/j/jialin/mpich-ccpute/src/openpa/src -I/global/homes/j/jialin/mpich-ccpute/src/openpa/src conftest.c >&5
configure:7798: $? = 0
configure:7798: result: yes
configure:7798: checking for unistd.h
configure:7798: pgcc -c      -I/global/homes/j/jialin/mpich-ccpute/src/mpl/include -I/global/homes/j/jialin/mpich-ccpute/src/mpl/include -I/global/homes/j/jialin/mpich-ccpute/src/openpa/src -I/global/homes/j/jialin/mpich-ccpute/src/openpa/src conftest.c >&5
configure:7798: $? = 0
configure:7798: result: yes
configure:7812: checking for dlfcn.h
configure:7812: pgcc -c      -I/global/homes/j/jialin/mpich-ccpute/src/mpl/include -I/global/homes/j/jialin/mpich-ccpute/src/mpl/include -I/global/homes/j/jialin/mpich-ccpute/src/openpa/src -I/global/homes/j/jialin/mpich-ccpute/src/openpa/src conftest.c >&5
configure:7812: $? = 0
configure:7812: result: yes
configure:8018: checking for objdir
configure:8033: result: .libs
configure:8666: checking for pgcc option to produce PIC
configure:8673: result: -fpic -DPIC
configure:8681: checking if pgcc PIC flag -fpic -DPIC works
configure:8699: pgcc -c      -I/global/homes/j/jialin/mpich-ccpute/src/mpl/include -I/global/homes/j/jialin/mpich-ccpute/src/mpl/include -I/global/homes/j/jialin/mpich-ccpute/src/openpa/src -I/global/homes/j/jialin/mpich-ccpute/src/openpa/src -fpic -DPIC -DPIC conftest.c >&5
configure:8703: $? = 0
configure:8716: result: yes
configure:8745: checking if pgcc static flag -Bstatic works
configure:8773: result: yes
configure:8788: checking if pgcc supports -c -o file.o
configure:8809: pgcc -c      -I/global/homes/j/jialin/mpich-ccpute/src/mpl/include -I/global/homes/j/jialin/mpich-ccpute/src/mpl/include -I/global/homes/j/jialin/mpich-ccpute/src/openpa/src -I/global/homes/j/jialin/mpich-ccpute/src/openpa/src -o out/conftest2.o conftest.c >&5
configure:8813: $? = 0
configure:8835: result: yes
configure:8843: checking if pgcc supports -c -o file.o
configure:8890: result: yes
configure:8923: checking whether the pgcc linker (/usr/bin/X11/ld -m elf_x86_64) supports shared libraries
configure:10076: result: yes
configure:10316: checking dynamic linker characteristics
configure:10827: pgcc -o conftest      -I/global/homes/j/jialin/mpich-ccpute/src/mpl/include -I/global/homes/j/jialin/mpich-ccpute/src/mpl/include -I/global/homes/j/jialin/mpich-ccpute/src/openpa/src -I/global/homes/j/jialin/mpich-ccpute/src/openpa/src   -Wl,-rpath -Wl,/foo conftest.c   >&5
configure:10827: $? = 0
configure:11049: result: GNU/Linux ld.so
configure:11156: checking how to hardcode library paths into programs
configure:11181: result: immediate
configure:11721: checking whether stripping libraries is possible
configure:11726: result: yes
configure:11761: checking if libtool supports shared libraries
configure:11763: result: yes
configure:11766: checking whether to build shared libraries
configure:11787: result: yes
configure:11790: checking whether to build static libraries
configure:11794: result: yes
configure:11873: checking whether make supports nested variables
configure:11890: result: yes
configure:11959: checking for gcc
configure:11986: result: pgcc
configure:12215: checking for C compiler version
configure:12224: pgcc --version >&5

pgcc 13.6-0 64-bit target on x86-64 Linux -tp shanghai 
Copyright 1989-2000, The Portland Group, Inc.  All Rights Reserved.
Copyright 2000-2013, STMicroelectronics, Inc.  All Rights Reserved.
configure:12235: $? = 0
configure:12224: pgcc -v >&5
pgcc-Warning-No files to process

configure:12235: $? = 0
configure:12224: pgcc -V >&5

pgcc 13.6-0 64-bit target on x86-64 Linux -tp shanghai 
Copyright 1989-2000, The Portland Group, Inc.  All Rights Reserved.
Copyright 2000-2013, STMicroelectronics, Inc.  All Rights Reserved.
configure:12235: $? = 0
configure:12224: pgcc -qversion >&5
pgcc-Error-Unknown switch: -qversion
configure:12235: $? = 1
configure:12239: checking whether we are using the GNU C compiler
configure:12267: result: no
configure:12276: checking whether pgcc accepts -g
configure:12337: result: yes
configure:12354: checking for pgcc option to accept ISO C89
configure:12430: result: none needed
configure:12455: checking whether pgcc understands -c and -o together
configure:12492: result: yes
configure:12511: checking dependency style of pgcc
configure:12622: result: pgcc
configure:12640: checking whether to enable assertions
configure:12658: result: yes
configure:12665: checking pthread.h usability
configure:12665: pgcc -c      -I/global/homes/j/jialin/mpich-ccpute/src/mpl/include -I/global/homes/j/jialin/mpich-ccpute/src/mpl/include -I/global/homes/j/jialin/mpich-ccpute/src/openpa/src -I/global/homes/j/jialin/mpich-ccpute/src/openpa/src conftest.c >&5
configure:12665: $? = 0
configure:12665: result: yes
configure:12665: checking pthread.h presence
configure:12665: pgcc -E   -I/global/homes/j/jialin/mpich-ccpute/src/mpl/include -I/global/homes/j/jialin/mpich-ccpute/src/mpl/include -I/global/homes/j/jialin/mpich-ccpute/src/openpa/src -I/global/homes/j/jialin/mpich-ccpute/src/openpa/src conftest.c
configure:12665: $? = 0
configure:12665: result: yes
configure:12665: checking for pthread.h
configure:12665: result: yes
configure:12665: checking atomic.h usability
configure:12665: pgcc -c      -I/global/homes/j/jialin/mpich-ccpute/src/mpl/include -I/global/homes/j/jialin/mpich-ccpute/src/mpl/include -I/global/homes/j/jialin/mpich-ccpute/src/openpa/src -I/global/homes/j/jialin/mpich-ccpute/src/openpa/src conftest.c >&5
PGC-F-0206-Can't find include file atomic.h (conftest.c: 57)
PGC/x86-64 Linux 13.6-0: compilation aborted
configure:12665: $? = 2
configure: failed program was:
| /* confdefs.h */
| #define PACKAGE_NAME "OpenPA"
| #define PACKAGE_TARNAME "openpa"
| #define PACKAGE_VERSION "1.0.3"
| #define PACKAGE_STRING "OpenPA 1.0.3"
| #define PACKAGE_BUGREPORT "https://trac.mcs.anl.gov/projects/openpa/newticket"
| #define PACKAGE_URL ""
| #define PACKAGE "openpa"
| #define VERSION "1.0.3"
| #define STDC_HEADERS 1
| #define HAVE_SYS_TYPES_H 1
| #define HAVE_SYS_STAT_H 1
| #define HAVE_STDLIB_H 1
| #define HAVE_STRING_H 1
| #define HAVE_MEMORY_H 1
| #define HAVE_STRINGS_H 1
| #define HAVE_INTTYPES_H 1
| #define HAVE_STDINT_H 1
| #define HAVE_UNISTD_H 1
| #define HAVE_DLFCN_H 1
| #define LT_OBJDIR ".libs/"
| #define HAVE_PTHREAD_H 1
| /* end confdefs.h.  */
| #include <stdio.h>
| #ifdef HAVE_SYS_TYPES_H
| # include <sys/types.h>
| #endif
| #ifdef HAVE_SYS_STAT_H
| # include <sys/stat.h>
| #endif
| #ifdef STDC_HEADERS
| # include <stdlib.h>
| # include <stddef.h>
| #else
| # ifdef HAVE_STDLIB_H
| #  include <stdlib.h>
| # endif
| #endif
| #ifdef HAVE_STRING_H
| # if !defined STDC_HEADERS && defined HAVE_MEMORY_H
| #  include <memory.h>
| # endif
| # include <string.h>
| #endif
| #ifdef HAVE_STRINGS_H
| # include <strings.h>
| #endif
| #ifdef HAVE_INTTYPES_H
| # include <inttypes.h>
| #endif
| #ifdef HAVE_STDINT_H
| # include <stdint.h>
| #endif
| #ifdef HAVE_UNISTD_H
| # include <unistd.h>
| #endif
| #include <atomic.h>
configure:12665: result: no
configure:12665: checking atomic.h presence
configure:12665: pgcc -E   -I/global/homes/j/jialin/mpich-ccpute/src/mpl/include -I/global/homes/j/jialin/mpich-ccpute/src/mpl/include -I/global/homes/j/jialin/mpich-ccpute/src/openpa/src -I/global/homes/j/jialin/mpich-ccpute/src/openpa/src conftest.c
PGC-F-0206-Can't find include file atomic.h (conftest.c: 24)
PGC/x86-64 Linux 13.6-0: compilation aborted
configure:12665: $? = 2
configure: failed program was:
| /* confdefs.h */
| #define PACKAGE_NAME "OpenPA"
| #define PACKAGE_TARNAME "openpa"
| #define PACKAGE_VERSION "1.0.3"
| #define PACKAGE_STRING "OpenPA 1.0.3"
| #define PACKAGE_BUGREPORT "https://trac.mcs.anl.gov/projects/openpa/newticket"
| #define PACKAGE_URL ""
| #define PACKAGE "openpa"
| #define VERSION "1.0.3"
| #define STDC_HEADERS 1
| #define HAVE_SYS_TYPES_H 1
| #define HAVE_SYS_STAT_H 1
| #define HAVE_STDLIB_H 1
| #define HAVE_STRING_H 1
| #define HAVE_MEMORY_H 1
| #define HAVE_STRINGS_H 1
| #define HAVE_INTTYPES_H 1
| #define HAVE_STDINT_H 1
| #define HAVE_UNISTD_H 1
| #define HAVE_DLFCN_H 1
| #define LT_OBJDIR ".libs/"
| #define HAVE_PTHREAD_H 1
| /* end confdefs.h.  */
| #include <atomic.h>
configure:12665: result: no
configure:12665: checking for atomic.h
configure:12665: result: no
configure:12665: checking intrin.h usability
configure:12665: pgcc -c      -I/global/homes/j/jialin/mpich-ccpute/src/mpl/include -I/global/homes/j/jialin/mpich-ccpute/src/mpl/include -I/global/homes/j/jialin/mpich-ccpute/src/openpa/src -I/global/homes/j/jialin/mpich-ccpute/src/openpa/src conftest.c >&5
configure:12665: $? = 0
configure:12665: result: yes
configure:12665: checking intrin.h presence
configure:12665: pgcc -E   -I/global/homes/j/jialin/mpich-ccpute/src/mpl/include -I/global/homes/j/jialin/mpich-ccpute/src/mpl/include -I/global/homes/j/jialin/mpich-ccpute/src/openpa/src -I/global/homes/j/jialin/mpich-ccpute/src/openpa/src conftest.c
configure:12665: $? = 0
configure:12665: result: yes
configure:12665: checking for intrin.h
configure:12665: result: yes
configure:12665: checking for inttypes.h
configure:12665: result: yes
configure:12665: checking for stdint.h
configure:12665: result: yes
configure:12665: checking stddef.h usability
configure:12665: pgcc -c      -I/global/homes/j/jialin/mpich-ccpute/src/mpl/include -I/global/homes/j/jialin/mpich-ccpute/src/mpl/include -I/global/homes/j/jialin/mpich-ccpute/src/openpa/src -I/global/homes/j/jialin/mpich-ccpute/src/openpa/src conftest.c >&5
configure:12665: $? = 0
configure:12665: result: yes
configure:12665: checking stddef.h presence
configure:12665: pgcc -E   -I/global/homes/j/jialin/mpich-ccpute/src/mpl/include -I/global/homes/j/jialin/mpich-ccpute/src/mpl/include -I/global/homes/j/jialin/mpich-ccpute/src/openpa/src -I/global/homes/j/jialin/mpich-ccpute/src/openpa/src conftest.c
configure:12665: $? = 0
configure:12665: result: yes
configure:12665: checking for stddef.h
configure:12665: result: yes
configure:12676: checking for C/C++ restrict keyword
configure:12701: pgcc -c      -I/global/homes/j/jialin/mpich-ccpute/src/mpl/include -I/global/homes/j/jialin/mpich-ccpute/src/mpl/include -I/global/homes/j/jialin/mpich-ccpute/src/openpa/src -I/global/homes/j/jialin/mpich-ccpute/src/openpa/src conftest.c >&5
configure:12701: $? = 0
configure:12709: result: __restrict
configure:12722: checking for inline
configure:12738: pgcc -c      -I/global/homes/j/jialin/mpich-ccpute/src/mpl/include -I/global/homes/j/jialin/mpich-ccpute/src/mpl/include -I/global/homes/j/jialin/mpich-ccpute/src/openpa/src -I/global/homes/j/jialin/mpich-ccpute/src/openpa/src conftest.c >&5
configure:12738: $? = 0
configure:12746: result: inline
configure:12767: checking for an ANSI C-conforming const
configure:12833: pgcc -c      -I/global/homes/j/jialin/mpich-ccpute/src/mpl/include -I/global/homes/j/jialin/mpich-ccpute/src/mpl/include -I/global/homes/j/jialin/mpich-ccpute/src/openpa/src -I/global/homes/j/jialin/mpich-ccpute/src/openpa/src conftest.c >&5
configure:12833: $? = 0
configure:12840: result: yes
configure:12849: checking for pthread_create in -lpthread
configure:12874: pgcc -o conftest      -I/global/homes/j/jialin/mpich-ccpute/src/mpl/include -I/global/homes/j/jialin/mpich-ccpute/src/mpl/include -I/global/homes/j/jialin/mpich-ccpute/src/openpa/src -I/global/homes/j/jialin/mpich-ccpute/src/openpa/src   conftest.c -lpthread    >&5
configure:12874: $? = 0
configure:12883: result: yes
configure:12897: checking for pthread_yield
configure:12897: pgcc -o conftest      -I/global/homes/j/jialin/mpich-ccpute/src/mpl/include -I/global/homes/j/jialin/mpich-ccpute/src/mpl/include -I/global/homes/j/jialin/mpich-ccpute/src/openpa/src -I/global/homes/j/jialin/mpich-ccpute/src/openpa/src   conftest.c -lpthread   >&5
configure:12897: $? = 0
configure:12897: result: yes
configure:12927: checking if 100 threads can be run at once
configure:12965: pgcc -o conftest      -I/global/homes/j/jialin/mpich-ccpute/src/mpl/include -I/global/homes/j/jialin/mpich-ccpute/src/mpl/include -I/global/homes/j/jialin/mpich-ccpute/src/openpa/src -I/global/homes/j/jialin/mpich-ccpute/src/openpa/src   conftest.c -lpthread   >&5
configure:12965: $? = 0
configure:12965: ./conftest
configure:12965: $? = 0
configure:12966: result: yes
configure:13040: checking size of void *
configure:13045: pgcc -o conftest      -I/global/homes/j/jialin/mpich-ccpute/src/mpl/include -I/global/homes/j/jialin/mpich-ccpute/src/mpl/include -I/global/homes/j/jialin/mpich-ccpute/src/openpa/src -I/global/homes/j/jialin/mpich-ccpute/src/openpa/src   conftest.c -lpthread   >&5
configure:13045: $? = 0
configure:13045: ./conftest
configure:13045: $? = 0
configure:13059: result: 8
configure:13073: checking size of int
configure:13078: pgcc -o conftest      -I/global/homes/j/jialin/mpich-ccpute/src/mpl/include -I/global/homes/j/jialin/mpich-ccpute/src/mpl/include -I/global/homes/j/jialin/mpich-ccpute/src/openpa/src -I/global/homes/j/jialin/mpich-ccpute/src/openpa/src   conftest.c -lpthread   >&5
configure:13078: $? = 0
configure:13078: ./conftest
configure:13078: $? = 0
configure:13092: result: 4
configure:13163: checking if compiler rejects bogus asm statements
configure:13178: pgcc -o conftest      -I/global/homes/j/jialin/mpich-ccpute/src/mpl/include -I/global/homes/j/jialin/mpich-ccpute/src/mpl/include -I/global/homes/j/jialin/mpich-ccpute/src/openpa/src -I/global/homes/j/jialin/mpich-ccpute/src/openpa/src   conftest.c -lpthread   >&5
/scratch/scratchdirs/jialin/pgccSyhheNnBEVJc.s: Assembler messages:
/scratch/scratchdirs/jialin/pgccSyhheNnBEVJc.s:44: Error: no such instruction: `illegal_asm_stmt'
configure:13178: $? = 2
configure: failed program was:
| /* confdefs.h */
| #define PACKAGE_NAME "OpenPA"
| #define PACKAGE_TARNAME "openpa"
| #define PACKAGE_VERSION "1.0.3"
| #define PACKAGE_STRING "OpenPA 1.0.3"
| #define PACKAGE_BUGREPORT "https://trac.mcs.anl.gov/projects/openpa/newticket"
| #define PACKAGE_URL ""
| #define PACKAGE "openpa"
| #define VERSION "1.0.3"
| #define STDC_HEADERS 1
| #define HAVE_SYS_TYPES_H 1
| #define HAVE_SYS_STAT_H 1
| #define HAVE_STDLIB_H 1
| #define HAVE_STRING_H 1
| #define HAVE_MEMORY_H 1
| #define HAVE_STRINGS_H 1
| #define HAVE_INTTYPES_H 1
| #define HAVE_STDINT_H 1
| #define HAVE_UNISTD_H 1
| #define HAVE_DLFCN_H 1
| #define LT_OBJDIR ".libs/"
| #define HAVE_PTHREAD_H 1
| #define HAVE_INTRIN_H 1
| #define HAVE_INTTYPES_H 1
| #define HAVE_STDINT_H 1
| #define HAVE_STDDEF_H 1
| #define restrict __restrict
| #define HAVE_LIBPTHREAD 1
| #define HAVE_PTHREAD_YIELD 1
| #define MAX_NTHREADS 100
| #define SIZEOF_VOID_P 8
| #define SIZEOF_INT 4
| /* end confdefs.h.  */
| 
| int
| main ()
| {
| 
|     __asm__ __volatile__ ("ILLEGAL_ASM_STMT");
| 
|   ;
|   return 0;
| }
configure:13185: result: yes
configure:13240: checking for support for gcc x86/x86_64 primitives
configure:13367: pgcc -o conftest    -I./src   -I/global/homes/j/jialin/mpich-ccpute/src/mpl/include -I/global/homes/j/jialin/mpich-ccpute/src/mpl/include -I/global/homes/j/jialin/mpich-ccpute/src/openpa/src -I/global/homes/j/jialin/mpich-ccpute/src/openpa/src   conftest.c -lpthread   >&5
PGC-W-0352-Constraint/expression type mismatch in extended ASM operand 1 (conftest.c: 96)
PGC/x86-64 Linux 13.6-0: compilation completed with warnings
configure:13367: $? = 0
configure:13367: ./conftest
configure:13367: $? = 0
configure:13373: result: yes
configure:13395: checking for support for gcc x86 primitives for pre-Pentium 4
configure:13522: pgcc -o conftest    -I./src   -I/global/homes/j/jialin/mpich-ccpute/src/mpl/include -I/global/homes/j/jialin/mpich-ccpute/src/mpl/include -I/global/homes/j/jialin/mpich-ccpute/src/openpa/src -I/global/homes/j/jialin/mpich-ccpute/src/openpa/src   conftest.c -lpthread   >&5
PGC-W-0352-Constraint/expression type mismatch in extended ASM operand 1 (conftest.c: 96)
PGC/x86-64 Linux 13.6-0: compilation completed with warnings
configure:13522: $? = 0
configure:13522: ./conftest
configure:13522: $? = 0
configure:13528: result: yes
configure:13549: checking for support for gcc ia64 primitives
configure:13605: pgcc -o conftest    -I./src   -I/global/homes/j/jialin/mpich-ccpute/src/mpl/include -I/global/homes/j/jialin/mpich-ccpute/src/mpl/include -I/global/homes/j/jialin/mpich-ccpute/src/openpa/src -I/global/homes/j/jialin/mpich-ccpute/src/openpa/src   conftest.c -lpthread   >&5
/scratch/scratchdirs/jialin/pgccK4hhSMnzxUJ2.s: Assembler messages:
/scratch/scratchdirs/jialin/pgccK4hhSMnzxUJ2.s:109: Error: no such instruction: `mf'
/scratch/scratchdirs/jialin/pgccK4hhSMnzxUJ2.s:110: Error: no such instruction: `mf'
/scratch/scratchdirs/jialin/pgccK4hhSMnzxUJ2.s:111: Error: no such instruction: `mf'
/scratch/scratchdirs/jialin/pgccK4hhSMnzxUJ2.s:192: Error: no such instruction: `fetchadd4.rel %ecx=[%rdi],$-1'
/scratch/scratchdirs/jialin/pgccK4hhSMnzxUJ2.s:229: Error: no such instruction: `zxt4 (%rcx)=(%rcx)'
/scratch/scratchdirs/jialin/pgccK4hhSMnzxUJ2.s:229: Error: invalid character '=' in operand 1
/scratch/scratchdirs/jialin/pgccK4hhSMnzxUJ2.s:229: Error: no such instruction: `cmpxchg4.rel %eax=[%rcx],%esi,ar.ccv'
/scratch/scratchdirs/jialin/pgccK4hhSMnzxUJ2.s:289: Error: no such instruction: `fetchadd4.rel %eax=[%rbx],$-16'
/scratch/scratchdirs/jialin/pgccK4hhSMnzxUJ2.s:296: Error: no such instruction: `fetchadd4.rel %eax=[%rbx],$-8'
/scratch/scratchdirs/jialin/pgccK4hhSMnzxUJ2.s:303: Error: no such instruction: `fetchadd4.rel %eax=[%rbx],$-4'
/scratch/scratchdirs/jialin/pgccK4hhSMnzxUJ2.s:312: Error: no such instruction: `fetchadd4.rel %eax=[%rbx],$-1'
/scratch/scratchdirs/jialin/pgccK4hhSMnzxUJ2.s:321: Error: no such instruction: `fetchadd4.rel %eax=[%rbx],$1'
/scratch/scratchdirs/jialin/pgccK4hhSMnzxUJ2.s:330: Error: no such instruction: `fetchadd4.rel %eax=[%rbx],$4'
/scratch/scratchdirs/jialin/pgccK4hhSMnzxUJ2.s:339: Error: no such instruction: `fetchadd4.rel %eax=[%rbx],$8'
/scratch/scratchdirs/jialin/pgccK4hhSMnzxUJ2.s:348: Error: no such instruction: `fetchadd4.rel %eax=[%rbx],$16'
/scratch/scratchdirs/jialin/pgccK4hhSMnzxUJ2.s:411: Error: no such instruction: `xchg8 %eax=[%rdi],%eax'
configure:13605: $? = 2
configure: failed program was:
| /* confdefs.h */
| #define PACKAGE_NAME "OpenPA"
| #define PACKAGE_TARNAME "openpa"
| #define PACKAGE_VERSION "1.0.3"
| #define PACKAGE_STRING "OpenPA 1.0.3"
| #define PACKAGE_BUGREPORT "https://trac.mcs.anl.gov/projects/openpa/newticket"
| #define PACKAGE_URL ""
| #define PACKAGE "openpa"
| #define VERSION "1.0.3"
| #define STDC_HEADERS 1
| #define HAVE_SYS_TYPES_H 1
| #define HAVE_SYS_STAT_H 1
| #define HAVE_STDLIB_H 1
| #define HAVE_STRING_H 1
| #define HAVE_MEMORY_H 1
| #define HAVE_STRINGS_H 1
| #define HAVE_INTTYPES_H 1
| #define HAVE_STDINT_H 1
| #define HAVE_UNISTD_H 1
| #define HAVE_DLFCN_H 1
| #define LT_OBJDIR ".libs/"
| #define HAVE_PTHREAD_H 1
| #define HAVE_INTRIN_H 1
| #define HAVE_INTTYPES_H 1
| #define HAVE_STDINT_H 1
| #define HAVE_STDDEF_H 1
| #define restrict __restrict
| #define HAVE_LIBPTHREAD 1
| #define HAVE_PTHREAD_YIELD 1
| #define MAX_NTHREADS 100
| #define SIZEOF_VOID_P 8
| #define SIZEOF_INT 4
| #define HAVE_GCC_X86_32_64 1
| #define HAVE_GCC_X86_32_64_P3 1
| /* end confdefs.h.  */
| 
| #define OPA_SIZEOF_INT SIZEOF_INT
| #define OPA_SIZEOF_VOID_P SIZEOF_VOID_P
| #ifndef _opa_inline
| #define _opa_inline inline
| #endif
| #ifndef _opa_restrict
| #define _opa_restrict restrict
| #endif
| #ifndef _opa_const
| #define _opa_const const
| #endif
| #ifdef HAVE_GCC_ATTRIBUTE
| #define OPA_HAVE_GCC_ATTRIBUTE 1
| #endif
| #include "opa_util.h" /* for OPA_ATTRIBUTE and friends */
| #include "primitives/opa_gcc_ia64.h"
| 
| int
| main ()
| {
| 
|     OPA_int_t a, b;
|     int c;
| 
|     OPA_store_int(&a, 0);
|     OPA_store_int(&b, 1);
|     c = OPA_load_int(&a);
| 
|     OPA_add_int(&a, 10);
|     OPA_incr_int(&a);
|     OPA_decr_int(&a);
| 
|     c = OPA_decr_and_test_int(&a);
|     c = OPA_fetch_and_add_int(&a, 10);
|     c = OPA_fetch_and_incr_int(&a);
|     c = OPA_fetch_and_decr_int(&a);
| 
|     c = OPA_cas_int(&a, 10, 11);
|     c = OPA_swap_int(&a, OPA_load_int(&b));
| 
|     OPA_write_barrier();
|     OPA_read_barrier();
|     OPA_read_write_barrier();
| 
|   ;
|   return 0;
| }
| 
configure:13614: result: no
configure:13629: checking for support for gcc PowerPC atomics
configure:13685: pgcc -o conftest    -I./src   -I/global/homes/j/jialin/mpich-ccpute/src/mpl/include -I/global/homes/j/jialin/mpich-ccpute/src/mpl/include -I/global/homes/j/jialin/mpich-ccpute/src/openpa/src -I/global/homes/j/jialin/mpich-ccpute/src/openpa/src   conftest.c -lpthread   >&5
/scratch/scratchdirs/jialin/pgccKeihSMnzxUJ2.s: Assembler messages:
/scratch/scratchdirs/jialin/pgccKeihSMnzxUJ2.s:109: Error: no such instruction: `eieio'
/scratch/scratchdirs/jialin/pgccKeihSMnzxUJ2.s:110: Error: no such instruction: `lwsync'
/scratch/scratchdirs/jialin/pgccKeihSMnzxUJ2.s:111: Error: no such instruction: `sync'
/scratch/scratchdirs/jialin/pgccKeihSMnzxUJ2.s:509: Error: no such instruction: `lwarx %eax,0,%rdi'
/scratch/scratchdirs/jialin/pgccKeihSMnzxUJ2.s:543: Error: no such instruction: `stwcx. %edx,0,%rcx'
/scratch/scratchdirs/jialin/pgccKeihSMnzxUJ2.s:544: Error: no such instruction: `beq 1f'
/scratch/scratchdirs/jialin/pgccKeihSMnzxUJ2.s:545: Error: no such instruction: `li %eax,0'
configure:13685: $? = 2
configure: failed program was:
| /* confdefs.h */
| #define PACKAGE_NAME "OpenPA"
| #define PACKAGE_TARNAME "openpa"
| #define PACKAGE_VERSION "1.0.3"
| #define PACKAGE_STRING "OpenPA 1.0.3"
| #define PACKAGE_BUGREPORT "https://trac.mcs.anl.gov/projects/openpa/newticket"
| #define PACKAGE_URL ""
| #define PACKAGE "openpa"
| #define VERSION "1.0.3"
| #define STDC_HEADERS 1
| #define HAVE_SYS_TYPES_H 1
| #define HAVE_SYS_STAT_H 1
| #define HAVE_STDLIB_H 1
| #define HAVE_STRING_H 1
| #define HAVE_MEMORY_H 1
| #define HAVE_STRINGS_H 1
| #define HAVE_INTTYPES_H 1
| #define HAVE_STDINT_H 1
| #define HAVE_UNISTD_H 1
| #define HAVE_DLFCN_H 1
| #define LT_OBJDIR ".libs/"
| #define HAVE_PTHREAD_H 1
| #define HAVE_INTRIN_H 1
| #define HAVE_INTTYPES_H 1
| #define HAVE_STDINT_H 1
| #define HAVE_STDDEF_H 1
| #define restrict __restrict
| #define HAVE_LIBPTHREAD 1
| #define HAVE_PTHREAD_YIELD 1
| #define MAX_NTHREADS 100
| #define SIZEOF_VOID_P 8
| #define SIZEOF_INT 4
| #define HAVE_GCC_X86_32_64 1
| #define HAVE_GCC_X86_32_64_P3 1
| /* end confdefs.h.  */
| 
| #define OPA_SIZEOF_INT SIZEOF_INT
| #define OPA_SIZEOF_VOID_P SIZEOF_VOID_P
| #ifndef _opa_inline
| #define _opa_inline inline
| #endif
| #ifndef _opa_restrict
| #define _opa_restrict restrict
| #endif
| #ifndef _opa_const
| #define _opa_const const
| #endif
| #ifdef HAVE_GCC_ATTRIBUTE
| #define OPA_HAVE_GCC_ATTRIBUTE 1
| #endif
| #include "opa_util.h" /* for OPA_ATTRIBUTE and friends */
| #include "primitives/opa_gcc_ppc.h"
| 
| int
| main ()
| {
| 
|     OPA_int_t a, b;
|     int c;
| 
|     OPA_store_int(&a, 0);
|     OPA_store_int(&b, 1);
|     c = OPA_load_int(&a);
| 
|     OPA_add_int(&a, 10);
|     OPA_incr_int(&a);
|     OPA_decr_int(&a);
| 
|     c = OPA_decr_and_test_int(&a);
|     c = OPA_fetch_and_add_int(&a, 10);
|     c = OPA_fetch_and_incr_int(&a);
|     c = OPA_fetch_and_decr_int(&a);
| 
|     c = OPA_cas_int(&a, 10, 11);
|     c = OPA_swap_int(&a, OPA_load_int(&b));
| 
|     OPA_write_barrier();
|     OPA_read_barrier();
|     OPA_read_write_barrier();
| 
|   ;
|   return 0;
| }
| 
configure:13694: result: no
configure:13709: checking for support for gcc ARM atomics
configure:13765: pgcc -o conftest    -I./src   -I/global/homes/j/jialin/mpich-ccpute/src/mpl/include -I/global/homes/j/jialin/mpich-ccpute/src/mpl/include -I/global/homes/j/jialin/mpich-ccpute/src/openpa/src -I/global/homes/j/jialin/mpich-ccpute/src/openpa/src   conftest.c -lpthread   >&5
/scratch/scratchdirs/jialin/pgccKqihSMnzxUJ2.s: Assembler messages:
/scratch/scratchdirs/jialin/pgccKqihSMnzxUJ2.s:109: Error: invalid instruction suffix for `ds'
/scratch/scratchdirs/jialin/pgccKqihSMnzxUJ2.s:110: Error: no such instruction: `dmb'
/scratch/scratchdirs/jialin/pgccKqihSMnzxUJ2.s:111: Error: invalid instruction suffix for `ds'
/scratch/scratchdirs/jialin/pgccKqihSMnzxUJ2.s:509: Error: no such instruction: `ldrex %eax,[%rdi]'
/scratch/scratchdirs/jialin/pgccKqihSMnzxUJ2.s:539: Error: no such instruction: `strex %ecx,%eax,[%rdx]'
configure:13765: $? = 2
configure: failed program was:
| /* confdefs.h */
| #define PACKAGE_NAME "OpenPA"
| #define PACKAGE_TARNAME "openpa"
| #define PACKAGE_VERSION "1.0.3"
| #define PACKAGE_STRING "OpenPA 1.0.3"
| #define PACKAGE_BUGREPORT "https://trac.mcs.anl.gov/projects/openpa/newticket"
| #define PACKAGE_URL ""
| #define PACKAGE "openpa"
| #define VERSION "1.0.3"
| #define STDC_HEADERS 1
| #define HAVE_SYS_TYPES_H 1
| #define HAVE_SYS_STAT_H 1
| #define HAVE_STDLIB_H 1
| #define HAVE_STRING_H 1
| #define HAVE_MEMORY_H 1
| #define HAVE_STRINGS_H 1
| #define HAVE_INTTYPES_H 1
| #define HAVE_STDINT_H 1
| #define HAVE_UNISTD_H 1
| #define HAVE_DLFCN_H 1
| #define LT_OBJDIR ".libs/"
| #define HAVE_PTHREAD_H 1
| #define HAVE_INTRIN_H 1
| #define HAVE_INTTYPES_H 1
| #define HAVE_STDINT_H 1
| #define HAVE_STDDEF_H 1
| #define restrict __restrict
| #define HAVE_LIBPTHREAD 1
| #define HAVE_PTHREAD_YIELD 1
| #define MAX_NTHREADS 100
| #define SIZEOF_VOID_P 8
| #define SIZEOF_INT 4
| #define HAVE_GCC_X86_32_64 1
| #define HAVE_GCC_X86_32_64_P3 1
| /* end confdefs.h.  */
| 
| #define OPA_SIZEOF_INT SIZEOF_INT
| #define OPA_SIZEOF_VOID_P SIZEOF_VOID_P
| #ifndef _opa_inline
| #define _opa_inline inline
| #endif
| #ifndef _opa_restrict
| #define _opa_restrict restrict
| #endif
| #ifndef _opa_const
| #define _opa_const const
| #endif
| #ifdef HAVE_GCC_ATTRIBUTE
| #define OPA_HAVE_GCC_ATTRIBUTE 1
| #endif
| #include "opa_util.h" /* for OPA_ATTRIBUTE and friends */
| #include "primitives/opa_gcc_arm.h"
| 
| int
| main ()
| {
| 
|     OPA_int_t a, b;
|     int c;
| 
|     OPA_store_int(&a, 0);
|     OPA_store_int(&b, 1);
|     c = OPA_load_int(&a);
| 
|     OPA_add_int(&a, 10);
|     OPA_incr_int(&a);
|     OPA_decr_int(&a);
| 
|     c = OPA_decr_and_test_int(&a);
|     c = OPA_fetch_and_add_int(&a, 10);
|     c = OPA_fetch_and_incr_int(&a);
|     c = OPA_fetch_and_decr_int(&a);
| 
|     c = OPA_cas_int(&a, 10, 11);
|     c = OPA_swap_int(&a, OPA_load_int(&b));
| 
|     OPA_write_barrier();
|     OPA_read_barrier();
|     OPA_read_write_barrier();
| 
|   ;
|   return 0;
| }
| 
configure:13774: result: no
configure:13789: checking for support for gcc SiCortex atomics
configure:13845: pgcc -o conftest    -I./src   -I/global/homes/j/jialin/mpich-ccpute/src/mpl/include -I/global/homes/j/jialin/mpich-ccpute/src/mpl/include -I/global/homes/j/jialin/mpich-ccpute/src/openpa/src -I/global/homes/j/jialin/mpich-ccpute/src/openpa/src   conftest.c -lpthread   >&5
PGC-W-0352-Constraint/expression type mismatch in extended ASM operand 3 (conftest.c: 152)
PGC-W-0352-Constraint/expression type mismatch in extended ASM operand 4 (conftest.c: 325)
PGC/x86-64 Linux 13.6-0: compilation completed with warnings
/scratch/scratchdirs/jialin/pgccJCihPM9yOPd1.s: Assembler messages:
/scratch/scratchdirs/jialin/pgccJCihPM9yOPd1.s:109: Error: no such instruction: `sync'
/scratch/scratchdirs/jialin/pgccJCihPM9yOPd1.s:110: Error: no such instruction: `sync'
/scratch/scratchdirs/jialin/pgccJCihPM9yOPd1.s:111: Error: no such instruction: `sync'
/scratch/scratchdirs/jialin/pgccJCihPM9yOPd1.s:448: Error: expected comma after "mips3"
/scratch/scratchdirs/jialin/pgccJCihPM9yOPd1.s:449: Error: expected comma after "noreorder"
/scratch/scratchdirs/jialin/pgccJCihPM9yOPd1.s:450: Error: no such instruction: `ll %rax,(%rdi)'
/scratch/scratchdirs/jialin/pgccJCihPM9yOPd1.s:451: Error: no such instruction: `addu %rcx,%rax,%edx'
/scratch/scratchdirs/jialin/pgccJCihPM9yOPd1.s:452: Error: no such instruction: `sc %rcx,(%rdi)'
/scratch/scratchdirs/jialin/pgccJCihPM9yOPd1.s:453: Error: no such instruction: `beqz %rcx,1b'
/scratch/scratchdirs/jialin/pgccJCihPM9yOPd1.s:455: Error: expected comma after "reorder"
/scratch/scratchdirs/jialin/pgccJCihPM9yOPd1.s:456: Error: expected comma after "mips0"
/scratch/scratchdirs/jialin/pgccJCihPM9yOPd1.s:497: Error: expected comma after "mips3"
/scratch/scratchdirs/jialin/pgccJCihPM9yOPd1.s:498: Error: expected comma after "noreorder"
/scratch/scratchdirs/jialin/pgccJCihPM9yOPd1.s:499: Error: no such instruction: `ll %rax,(%rdi)'
/scratch/scratchdirs/jialin/pgccJCihPM9yOPd1.s:500: Error: no such instruction: `move %rcx,%edx'
/scratch/scratchdirs/jialin/pgccJCihPM9yOPd1.s:501: Error: no such instruction: `sc %rcx,(%rdi)'
/scratch/scratchdirs/jialin/pgccJCihPM9yOPd1.s:502: Error: no such instruction: `beqz %rcx,1b'
/scratch/scratchdirs/jialin/pgccJCihPM9yOPd1.s:504: Error: expected comma after "reorder"
/scratch/scratchdirs/jialin/pgccJCihPM9yOPd1.s:505: Error: expected comma after "mips0"
/scratch/scratchdirs/jialin/pgccJCihPM9yOPd1.s:548: Error: expected comma after "mips3"
/scratch/scratchdirs/jialin/pgccJCihPM9yOPd1.s:549: Error: expected comma after "noreorder"
/scratch/scratchdirs/jialin/pgccJCihPM9yOPd1.s:550: Error: no such instruction: `ll %rax,(%rdi)'
/scratch/scratchdirs/jialin/pgccJCihPM9yOPd1.s:551: Error: no such instruction: `bne %rax,%esi,1f'
/scratch/scratchdirs/jialin/pgccJCihPM9yOPd1.s:552: Error: no such instruction: `move %rcx,%edx'
/scratch/scratchdirs/jialin/pgccJCihPM9yOPd1.s:553: Error: no such instruction: `sc %rcx,(%rdi)'
/scratch/scratchdirs/jialin/pgccJCihPM9yOPd1.s:554: Error: no such instruction: `beqz %rcx,1b'
/scratch/scratchdirs/jialin/pgccJCihPM9yOPd1.s:556: Error: expected comma after "reorder"
/scratch/scratchdirs/jialin/pgccJCihPM9yOPd1.s:558: Error: expected comma after "mips0"
configure:13845: $? = 2
configure: failed program was:
| /* confdefs.h */
| #define PACKAGE_NAME "OpenPA"
| #define PACKAGE_TARNAME "openpa"
| #define PACKAGE_VERSION "1.0.3"
| #define PACKAGE_STRING "OpenPA 1.0.3"
| #define PACKAGE_BUGREPORT "https://trac.mcs.anl.gov/projects/openpa/newticket"
| #define PACKAGE_URL ""
| #define PACKAGE "openpa"
| #define VERSION "1.0.3"
| #define STDC_HEADERS 1
| #define HAVE_SYS_TYPES_H 1
| #define HAVE_SYS_STAT_H 1
| #define HAVE_STDLIB_H 1
| #define HAVE_STRING_H 1
| #define HAVE_MEMORY_H 1
| #define HAVE_STRINGS_H 1
| #define HAVE_INTTYPES_H 1
| #define HAVE_STDINT_H 1
| #define HAVE_UNISTD_H 1
| #define HAVE_DLFCN_H 1
| #define LT_OBJDIR ".libs/"
| #define HAVE_PTHREAD_H 1
| #define HAVE_INTRIN_H 1
| #define HAVE_INTTYPES_H 1
| #define HAVE_STDINT_H 1
| #define HAVE_STDDEF_H 1
| #define restrict __restrict
| #define HAVE_LIBPTHREAD 1
| #define HAVE_PTHREAD_YIELD 1
| #define MAX_NTHREADS 100
| #define SIZEOF_VOID_P 8
| #define SIZEOF_INT 4
| #define HAVE_GCC_X86_32_64 1
| #define HAVE_GCC_X86_32_64_P3 1
| /* end confdefs.h.  */
| 
| #define OPA_SIZEOF_INT SIZEOF_INT
| #define OPA_SIZEOF_VOID_P SIZEOF_VOID_P
| #ifndef _opa_inline
| #define _opa_inline inline
| #endif
| #ifndef _opa_restrict
| #define _opa_restrict restrict
| #endif
| #ifndef _opa_const
| #define _opa_const const
| #endif
| #ifdef HAVE_GCC_ATTRIBUTE
| #define OPA_HAVE_GCC_ATTRIBUTE 1
| #endif
| #include "opa_util.h" /* for OPA_ATTRIBUTE and friends */
| #include "primitives/opa_gcc_sicortex.h"
| 
| int
| main ()
| {
| 
|     OPA_int_t a, b;
|     int c;
| 
|     OPA_store_int(&a, 0);
|     OPA_store_int(&b, 1);
|     c = OPA_load_int(&a);
| 
|     OPA_add_int(&a, 10);
|     OPA_incr_int(&a);
|     OPA_decr_int(&a);
| 
|     c = OPA_decr_and_test_int(&a);
|     c = OPA_fetch_and_add_int(&a, 10);
|     c = OPA_fetch_and_incr_int(&a);
|     c = OPA_fetch_and_decr_int(&a);
| 
|     c = OPA_cas_int(&a, 10, 11);
|     c = OPA_swap_int(&a, OPA_load_int(&b));
| 
|     OPA_write_barrier();
|     OPA_read_barrier();
|     OPA_read_write_barrier();
| 
|   ;
|   return 0;
| }
| 
configure:13854: result: no
configure:13871: checking for support for gcc atomic intrinsics
configure:13927: pgcc -o conftest    -I./src   -I/global/homes/j/jialin/mpich-ccpute/src/mpl/include -I/global/homes/j/jialin/mpich-ccpute/src/mpl/include -I/global/homes/j/jialin/mpich-ccpute/src/openpa/src -I/global/homes/j/jialin/mpich-ccpute/src/openpa/src   conftest.c -lpthread   >&5
PGC-W-0095-Type cast required for this conversion (./src/primitives/opa_gcc_intrinsics.h: 96)
PGC-W-0155-Pointer value created from a nonlong integral type  (./src/primitives/opa_gcc_intrinsics.h: 96)
PGC/x86-64 Linux 13.6-0: compilation completed with warnings
/scratch/scratchdirs/jialin/pgcc7PihXBkEkoKw.o: In function `main':
/global/u1/j/jialin/mpich-ccpute/src/openpa/./conftest.c:77: undefined reference to `__sync_synchronize'
/global/u1/j/jialin/mpich-ccpute/src/openpa/./conftest.c:78: undefined reference to `__sync_synchronize'
/global/u1/j/jialin/mpich-ccpute/src/openpa/./conftest.c:79: undefined reference to `__sync_synchronize'
/scratch/scratchdirs/jialin/pgcc7PihXBkEkoKw.o: In function `OPA_fetch_and_add_int':
/global/u1/j/jialin/mpich-ccpute/src/openpa/./src/primitives/opa_gcc_intrinsics.h:79: undefined reference to `__sync_fetch_and_add'
/scratch/scratchdirs/jialin/pgcc7PihXBkEkoKw.o: In function `OPA_decr_and_test_int':
/global/u1/j/jialin/mpich-ccpute/src/openpa/./src/primitives/opa_gcc_intrinsics.h:84: undefined reference to `__sync_sub_and_fetch'
/scratch/scratchdirs/jialin/pgcc7PihXBkEkoKw.o: In function `OPA_cas_int':
/global/u1/j/jialin/mpich-ccpute/src/openpa/./src/primitives/opa_gcc_intrinsics.h:101: undefined reference to `__sync_val_compare_and_swap'
configure:13927: $? = 2
configure: failed program was:
| /* confdefs.h */
| #define PACKAGE_NAME "OpenPA"
| #define PACKAGE_TARNAME "openpa"
| #define PACKAGE_VERSION "1.0.3"
| #define PACKAGE_STRING "OpenPA 1.0.3"
| #define PACKAGE_BUGREPORT "https://trac.mcs.anl.gov/projects/openpa/newticket"
| #define PACKAGE_URL ""
| #define PACKAGE "openpa"
| #define VERSION "1.0.3"
| #define STDC_HEADERS 1
| #define HAVE_SYS_TYPES_H 1
| #define HAVE_SYS_STAT_H 1
| #define HAVE_STDLIB_H 1
| #define HAVE_STRING_H 1
| #define HAVE_MEMORY_H 1
| #define HAVE_STRINGS_H 1
| #define HAVE_INTTYPES_H 1
| #define HAVE_STDINT_H 1
| #define HAVE_UNISTD_H 1
| #define HAVE_DLFCN_H 1
| #define LT_OBJDIR ".libs/"
| #define HAVE_PTHREAD_H 1
| #define HAVE_INTRIN_H 1
| #define HAVE_INTTYPES_H 1
| #define HAVE_STDINT_H 1
| #define HAVE_STDDEF_H 1
| #define restrict __restrict
| #define HAVE_LIBPTHREAD 1
| #define HAVE_PTHREAD_YIELD 1
| #define MAX_NTHREADS 100
| #define SIZEOF_VOID_P 8
| #define SIZEOF_INT 4
| #define HAVE_GCC_X86_32_64 1
| #define HAVE_GCC_X86_32_64_P3 1
| /* end confdefs.h.  */
| 
| #define OPA_SIZEOF_INT SIZEOF_INT
| #define OPA_SIZEOF_VOID_P SIZEOF_VOID_P
| #ifndef _opa_inline
| #define _opa_inline inline
| #endif
| #ifndef _opa_restrict
| #define _opa_restrict restrict
| #endif
| #ifndef _opa_const
| #define _opa_const const
| #endif
| #ifdef HAVE_GCC_ATTRIBUTE
| #define OPA_HAVE_GCC_ATTRIBUTE 1
| #endif
| #include "opa_util.h" /* for OPA_ATTRIBUTE and friends */
| #include "primitives/opa_gcc_intrinsics.h"
| 
| int
| main ()
| {
| 
|     OPA_int_t a, b;
|     int c;
| 
|     OPA_store_int(&a, 0);
|     OPA_store_int(&b, 1);
|     c = OPA_load_int(&a);
| 
|     OPA_add_int(&a, 10);
|     OPA_incr_int(&a);
|     OPA_decr_int(&a);
| 
|     c = OPA_decr_and_test_int(&a);
|     c = OPA_fetch_and_add_int(&a, 10);
|     c = OPA_fetch_and_incr_int(&a);
|     c = OPA_fetch_and_decr_int(&a);
| 
|     c = OPA_cas_int(&a, 10, 11);
|     c = OPA_swap_int(&a, OPA_load_int(&b));
| 
|     OPA_write_barrier();
|     OPA_read_barrier();
|     OPA_read_write_barrier();
| 
|   ;
|   return 0;
| }
| 
configure:13936: result: no
configure:13951: checking for support for Windows NT atomic intrinsics
configure:14007: pgcc -o conftest    -I./src   -I/global/homes/j/jialin/mpich-ccpute/src/mpl/include -I/global/homes/j/jialin/mpich-ccpute/src/mpl/include -I/global/homes/j/jialin/mpich-ccpute/src/openpa/src -I/global/homes/j/jialin/mpich-ccpute/src/openpa/src   conftest.c -lpthread   >&5
PGC-F-0206-Can't find include file windows.h (./src/primitives/opa_nt_intrinsics.h: 11)
PGC/x86-64 Linux 13.6-0: compilation aborted
configure:14007: $? = 2
configure: failed program was:
| /* confdefs.h */
| #define PACKAGE_NAME "OpenPA"
| #define PACKAGE_TARNAME "openpa"
| #define PACKAGE_VERSION "1.0.3"
| #define PACKAGE_STRING "OpenPA 1.0.3"
| #define PACKAGE_BUGREPORT "https://trac.mcs.anl.gov/projects/openpa/newticket"
| #define PACKAGE_URL ""
| #define PACKAGE "openpa"
| #define VERSION "1.0.3"
| #define STDC_HEADERS 1
| #define HAVE_SYS_TYPES_H 1
| #define HAVE_SYS_STAT_H 1
| #define HAVE_STDLIB_H 1
| #define HAVE_STRING_H 1
| #define HAVE_MEMORY_H 1
| #define HAVE_STRINGS_H 1
| #define HAVE_INTTYPES_H 1
| #define HAVE_STDINT_H 1
| #define HAVE_UNISTD_H 1
| #define HAVE_DLFCN_H 1
| #define LT_OBJDIR ".libs/"
| #define HAVE_PTHREAD_H 1
| #define HAVE_INTRIN_H 1
| #define HAVE_INTTYPES_H 1
| #define HAVE_STDINT_H 1
| #define HAVE_STDDEF_H 1
| #define restrict __restrict
| #define HAVE_LIBPTHREAD 1
| #define HAVE_PTHREAD_YIELD 1
| #define MAX_NTHREADS 100
| #define SIZEOF_VOID_P 8
| #define SIZEOF_INT 4
| #define HAVE_GCC_X86_32_64 1
| #define HAVE_GCC_X86_32_64_P3 1
| /* end confdefs.h.  */
| 
| #define OPA_SIZEOF_INT SIZEOF_INT
| #define OPA_SIZEOF_VOID_P SIZEOF_VOID_P
| #ifndef _opa_inline
| #define _opa_inline inline
| #endif
| #ifndef _opa_restrict
| #define _opa_restrict restrict
| #endif
| #ifndef _opa_const
| #define _opa_const const
| #endif
| #ifdef HAVE_GCC_ATTRIBUTE
| #define OPA_HAVE_GCC_ATTRIBUTE 1
| #endif
| #include "opa_util.h" /* for OPA_ATTRIBUTE and friends */
| #include "primitives/opa_nt_intrinsics.h"
| 
| int
| main ()
| {
| 
|     OPA_int_t a, b;
|     int c;
| 
|     OPA_store_int(&a, 0);
|     OPA_store_int(&b, 1);
|     c = OPA_load_int(&a);
| 
|     OPA_add_int(&a, 10);
|     OPA_incr_int(&a);
|     OPA_decr_int(&a);
| 
|     c = OPA_decr_and_test_int(&a);
|     c = OPA_fetch_and_add_int(&a, 10);
|     c = OPA_fetch_and_incr_int(&a);
|     c = OPA_fetch_and_decr_int(&a);
| 
|     c = OPA_cas_int(&a, 10, 11);
|     c = OPA_swap_int(&a, OPA_load_int(&b));
| 
|     OPA_write_barrier();
|     OPA_read_barrier();
|     OPA_read_write_barrier();
| 
|   ;
|   return 0;
| }
| 
configure:14016: result: no
configure:14031: checking for support for Sun atomic operations library
configure:14087: pgcc -o conftest    -I./src   -I/global/homes/j/jialin/mpich-ccpute/src/mpl/include -I/global/homes/j/jialin/mpich-ccpute/src/mpl/include -I/global/homes/j/jialin/mpich-ccpute/src/openpa/src -I/global/homes/j/jialin/mpich-ccpute/src/openpa/src   conftest.c -lpthread   >&5
PGC-F-0206-Can't find include file atomic.h (./src/primitives/opa_sun_atomic_ops.h: 11)
PGC/x86-64 Linux 13.6-0: compilation aborted
configure:14087: $? = 2
configure: failed program was:
| /* confdefs.h */
| #define PACKAGE_NAME "OpenPA"
| #define PACKAGE_TARNAME "openpa"
| #define PACKAGE_VERSION "1.0.3"
| #define PACKAGE_STRING "OpenPA 1.0.3"
| #define PACKAGE_BUGREPORT "https://trac.mcs.anl.gov/projects/openpa/newticket"
| #define PACKAGE_URL ""
| #define PACKAGE "openpa"
| #define VERSION "1.0.3"
| #define STDC_HEADERS 1
| #define HAVE_SYS_TYPES_H 1
| #define HAVE_SYS_STAT_H 1
| #define HAVE_STDLIB_H 1
| #define HAVE_STRING_H 1
| #define HAVE_MEMORY_H 1
| #define HAVE_STRINGS_H 1
| #define HAVE_INTTYPES_H 1
| #define HAVE_STDINT_H 1
| #define HAVE_UNISTD_H 1
| #define HAVE_DLFCN_H 1
| #define LT_OBJDIR ".libs/"
| #define HAVE_PTHREAD_H 1
| #define HAVE_INTRIN_H 1
| #define HAVE_INTTYPES_H 1
| #define HAVE_STDINT_H 1
| #define HAVE_STDDEF_H 1
| #define restrict __restrict
| #define HAVE_LIBPTHREAD 1
| #define HAVE_PTHREAD_YIELD 1
| #define MAX_NTHREADS 100
| #define SIZEOF_VOID_P 8
| #define SIZEOF_INT 4
| #define HAVE_GCC_X86_32_64 1
| #define HAVE_GCC_X86_32_64_P3 1
| /* end confdefs.h.  */
| 
| #define OPA_SIZEOF_INT SIZEOF_INT
| #define OPA_SIZEOF_VOID_P SIZEOF_VOID_P
| #ifndef _opa_inline
| #define _opa_inline inline
| #endif
| #ifndef _opa_restrict
| #define _opa_restrict restrict
| #endif
| #ifndef _opa_const
| #define _opa_const const
| #endif
| #ifdef HAVE_GCC_ATTRIBUTE
| #define OPA_HAVE_GCC_ATTRIBUTE 1
| #endif
| #include "opa_util.h" /* for OPA_ATTRIBUTE and friends */
| #include "primitives/opa_sun_atomic_ops.h"
| 
| int
| main ()
| {
| 
|     OPA_int_t a, b;
|     int c;
| 
|     OPA_store_int(&a, 0);
|     OPA_store_int(&b, 1);
|     c = OPA_load_int(&a);
| 
|     OPA_add_int(&a, 10);
|     OPA_incr_int(&a);
|     OPA_decr_int(&a);
| 
|     c = OPA_decr_and_test_int(&a);
|     c = OPA_fetch_and_add_int(&a, 10);
|     c = OPA_fetch_and_incr_int(&a);
|     c = OPA_fetch_and_decr_int(&a);
| 
|     c = OPA_cas_int(&a, 10, 11);
|     c = OPA_swap_int(&a, OPA_load_int(&b));
| 
|     OPA_write_barrier();
|     OPA_read_barrier();
|     OPA_read_write_barrier();
| 
|   ;
|   return 0;
| }
| 
configure:14096: result: no
configure:14173: checking whether to enable strict fairness checks
configure:14189: result: no
configure:14328: checking that generated files are newer than configure
configure:14334: result: done
configure:14361: creating ./config.status

## ---------------------- ##
## Running config.status. ##
## ---------------------- ##

This file was extended by OpenPA config.status 1.0.3, which was
generated by GNU Autoconf 2.69.  Invocation command line was

  CONFIG_FILES    = 
  CONFIG_HEADERS  = 
  CONFIG_LINKS    = 
  CONFIG_COMMANDS = 
  $ ./config.status 

on hopper05

config.status:1106: creating Makefile
config.status:1106: creating src/Makefile
config.status:1106: creating test/Makefile
config.status:1106: creating openpa.pc
config.status:1106: creating src/config.h
config.status:1335: executing depfiles commands
config.status:1335: executing libtool commands
config.status:1335: executing src/opa_config.h commands
config.status:2096: creating src/opa_config.h - prefix OPA for src/config.h defines

## ---------------- ##
## Cache variables. ##
## ---------------- ##

ac_cv_build=x86_64-unknown-linux-gnu
ac_cv_c_compiler_gnu=no
ac_cv_c_const=yes
ac_cv_c_inline=inline
ac_cv_c_restrict=__restrict
ac_cv_env_CC_set=set
ac_cv_env_CC_value=pgcc
ac_cv_env_CFLAGS_set=set
ac_cv_env_CFLAGS_value='  '
ac_cv_env_CPPFLAGS_set=set
ac_cv_env_CPPFLAGS_value='  -I/global/homes/j/jialin/mpich-ccpute/src/mpl/include -I/global/homes/j/jialin/mpich-ccpute/src/mpl/include -I/global/homes/j/jialin/mpich-ccpute/src/openpa/src -I/global/homes/j/jialin/mpich-ccpute/src/openpa/src'
ac_cv_env_CPP_set=
ac_cv_env_CPP_value=
ac_cv_env_LDFLAGS_set=set
ac_cv_env_LDFLAGS_value=' '
ac_cv_env_LIBS_set=set
ac_cv_env_LIBS_value=' '
ac_cv_env_OPALIBNAME_set=set
ac_cv_env_OPALIBNAME_value=opa
ac_cv_env_build_alias_set=
ac_cv_env_build_alias_value=
ac_cv_env_host_alias_set=
ac_cv_env_host_alias_value=
ac_cv_env_target_alias_set=
ac_cv_env_target_alias_value=
ac_cv_func_pthread_yield=yes
ac_cv_header_atomic_h=no
ac_cv_header_dlfcn_h=yes
ac_cv_header_intrin_h=yes
ac_cv_header_inttypes_h=yes
ac_cv_header_memory_h=yes
ac_cv_header_pthread_h=yes
ac_cv_header_stdc=yes
ac_cv_header_stddef_h=yes
ac_cv_header_stdint_h=yes
ac_cv_header_stdlib_h=yes
ac_cv_header_string_h=yes
ac_cv_header_strings_h=yes
ac_cv_header_sys_stat_h=yes
ac_cv_header_sys_types_h=yes
ac_cv_header_unistd_h=yes
ac_cv_host=x86_64-unknown-linux-gnu
ac_cv_lib_pthread_pthread_create=yes
ac_cv_objext=o
ac_cv_path_EGREP='/usr/bin/grep -E'
ac_cv_path_FGREP='/usr/bin/grep -F'
ac_cv_path_GREP=/usr/bin/grep
ac_cv_path_SED=/usr/bin/sed
ac_cv_path_install='/usr/bin/install -c'
ac_cv_path_mkdir=/bin/mkdir
ac_cv_prog_AWK=gawk
ac_cv_prog_CPP='pgcc -E'
ac_cv_prog_ac_ct_CC=pgcc
ac_cv_prog_ac_ct_MANIFEST_TOOL=mt
ac_cv_prog_ac_ct_OBJDUMP=objdump
ac_cv_prog_ac_ct_RANLIB=ranlib
ac_cv_prog_ac_ct_STRIP=strip
ac_cv_prog_cc_c89=
ac_cv_prog_cc_g=yes
ac_cv_prog_make_make_set=yes
ac_cv_sizeof_int=4
ac_cv_sizeof_void_p=8
am_cv_CC_dependencies_compiler_type=pgcc
am_cv_ar_interface=ar
am_cv_make_support_nested_variables=yes
am_cv_prog_cc_c_o=yes
lt_cv_ar_at_file=@
lt_cv_deplibs_check_method=pass_all
lt_cv_file_magic_cmd='$MAGIC_CMD'
lt_cv_file_magic_test_file=
lt_cv_ld_reload_flag=-r
lt_cv_nm_interface='BSD nm'
lt_cv_objdir=.libs
lt_cv_path_LD=/usr/bin/X11/ld
lt_cv_path_NM='/usr/bin/nm -B'
lt_cv_path_mainfest_tool=no
lt_cv_prog_compiler_c_o=yes
lt_cv_prog_compiler_pic='-fpic -DPIC'
lt_cv_prog_compiler_pic_works=yes
lt_cv_prog_compiler_static_works=yes
lt_cv_prog_gnu_ld=yes
lt_cv_sharedlib_from_linklib_cmd='printf %s\n'
lt_cv_shlibpath_overrides_runpath=yes
lt_cv_sys_global_symbol_pipe='sed -n -e '\''s/^.*[	 ]\([ABCDGIRSTW][ABCDGIRSTW]*\)[	 ][	 ]*\([_A-Za-z][_A-Za-z0-9]*\)$/\1 \2 \2/p'\'' | sed '\''/ __gnu_lto/d'\'''
lt_cv_sys_global_symbol_to_c_name_address='sed -n -e '\''s/^: \([^ ]*\)[ ]*$/  {\"\1\", (void *) 0},/p'\'' -e '\''s/^[ABCDGIRSTW]* \([^ ]*\) \([^ ]*\)$/  {"\2", (void *) \&\2},/p'\'''
lt_cv_sys_global_symbol_to_c_name_address_lib_prefix='sed -n -e '\''s/^: \([^ ]*\)[ ]*$/  {\"\1\", (void *) 0},/p'\'' -e '\''s/^[ABCDGIRSTW]* \([^ ]*\) \(lib[^ ]*\)$/  {"\2", (void *) \&\2},/p'\'' -e '\''s/^[ABCDGIRSTW]* \([^ ]*\) \([^ ]*\)$/  {"lib\2", (void *) \&\2},/p'\'''
lt_cv_sys_global_symbol_to_cdecl='sed -n -e '\''s/^T .* \(.*\)$/extern int \1();/p'\'' -e '\''s/^[ABCDGIRSTW]* .* \(.*\)$/extern char \1;/p'\'''
lt_cv_sys_max_cmd_len=3458764513820540925
lt_cv_to_host_file_cmd=func_convert_file_noop
lt_cv_to_tool_file_cmd=func_convert_file_noop

## ----------------- ##
## Output variables. ##
## ----------------- ##

ACLOCAL='${SHELL} /global/homes/j/jialin/mpich-ccpute/src/openpa/confdb/missing aclocal-1.14'
AMDEPBACKSLASH='\'
AMDEP_FALSE='#'
AMDEP_TRUE=''
AMTAR='$${TAR-tar}'
AM_BACKSLASH='\'
AM_DEFAULT_V='$(AM_DEFAULT_VERBOSITY)'
AM_DEFAULT_VERBOSITY='0'
AM_V='$(V)'
AR='ar'
AUTOCONF='${SHELL} /global/homes/j/jialin/mpich-ccpute/src/openpa/confdb/missing autoconf'
AUTOHEADER='${SHELL} /global/homes/j/jialin/mpich-ccpute/src/openpa/confdb/missing autoheader'
AUTOMAKE='${SHELL} /global/homes/j/jialin/mpich-ccpute/src/openpa/confdb/missing automake-1.14'
AWK='gawk'
CC='pgcc'
CCDEPMODE='depmode=pgcc'
CFLAGS='  '
CONFIG_STATUS_DEPENDENCIES='$(top_srcdir)/VERSION'
CPP='pgcc -E'
CPPFLAGS='  -I/global/homes/j/jialin/mpich-ccpute/src/mpl/include -I/global/homes/j/jialin/mpich-ccpute/src/mpl/include -I/global/homes/j/jialin/mpich-ccpute/src/openpa/src -I/global/homes/j/jialin/mpich-ccpute/src/openpa/src'
CYGPATH_W='echo'
DEFS='-DHAVE_CONFIG_H'
DEPDIR='.deps'
DLLTOOL='false'
DSYMUTIL=''
DUMPBIN=''
ECHO_C=''
ECHO_N='-n'
ECHO_T=''
EGREP='/usr/bin/grep -E'
EXEEXT=''
FGREP='/usr/bin/grep -F'
GREP='/usr/bin/grep'
INSTALL_DATA='${INSTALL} -m 644'
INSTALL_PROGRAM='${INSTALL}'
INSTALL_SCRIPT='${INSTALL}'
INSTALL_STRIP_PROGRAM='$(install_sh) -c -s'
LD='/usr/bin/X11/ld -m elf_x86_64'
LDFLAGS=' '
LIBOBJS=''
LIBS='-lpthread  '
LIBTOOL='$(SHELL) $(top_builddir)/libtool'
LIPO=''
LN_S='ln -s'
LTLIBOBJS=''
MAKEINFO='${SHELL} /global/homes/j/jialin/mpich-ccpute/src/openpa/confdb/missing makeinfo'
MANIFEST_TOOL=':'
MKDIR_P='/bin/mkdir -p'
NM='/usr/bin/nm -B'
NMEDIT=''
OBJDUMP='objdump'
OBJEXT='o'
OPALIBNAME='opa'
OTOOL64=''
OTOOL=''
PACKAGE='openpa'
PACKAGE_BUGREPORT='https://trac.mcs.anl.gov/projects/openpa/newticket'
PACKAGE_NAME='OpenPA'
PACKAGE_STRING='OpenPA 1.0.3'
PACKAGE_TARNAME='openpa'
PACKAGE_URL=''
PACKAGE_VERSION='1.0.3'
PATH_SEPARATOR=':'
RANLIB='ranlib'
SED='/usr/bin/sed'
SET_MAKE=''
SHELL='/bin/sh'
STRIP='strip'
VERSION='1.0.3'
ac_ct_AR=''
ac_ct_CC='pgcc'
ac_ct_DUMPBIN=''
am__EXEEXT_FALSE=''
am__EXEEXT_TRUE='#'
am__fastdepCC_FALSE=''
am__fastdepCC_TRUE='#'
am__include='include'
am__isrc=''
am__leading_dot='.'
am__nodep='_no'
am__quote=''
am__tar='$${TAR-tar} chof - "$$tardir"'
am__untar='$${TAR-tar} xf -'
bindir='${exec_prefix}/bin'
build='x86_64-unknown-linux-gnu'
build_alias=''
build_cpu='x86_64'
build_os='linux-gnu'
build_vendor='unknown'
datadir='${datarootdir}'
datarootdir='${prefix}/share'
docdir='${datarootdir}/doc/${PACKAGE_TARNAME}'
dvidir='${docdir}'
exec_prefix='${prefix}'
external_pkg_config_libs=''
host='x86_64-unknown-linux-gnu'
host_alias=''
host_cpu='x86_64'
host_os='linux-gnu'
host_vendor='unknown'
htmldir='${docdir}'
includedir='${prefix}/include'
infodir='${datarootdir}/info'
install_sh='${SHELL} /global/homes/j/jialin/mpich-ccpute/src/openpa/confdb/install-sh'
internal_pkg_config_libs=''
libdir='${exec_prefix}/lib'
libexecdir='${exec_prefix}/libexec'
libopa_so_version='1:0:0'
libopa_so_versionflags='-version-info $(libopa_so_version)'
localedir='${datarootdir}/locale'
localstatedir='${prefix}/var'
mandir='${datarootdir}/man'
mkdir_p='$(MKDIR_P)'
oldincludedir='/usr/include'
pdfdir='${docdir}'
pkgconfigdir='${exec_prefix}/lib/pkgconfig'
prefix='/global/homes/j/jialin/install'
program_transform_name='s,x,x,'
psdir='${docdir}'
sbindir='${exec_prefix}/sbin'
sharedstatedir='${prefix}/com'
sysconfdir='${prefix}/etc'
target_alias=''

## ----------- ##
## confdefs.h. ##
## ----------- ##

/* confdefs.h */
#define PACKAGE_NAME "OpenPA"
#define PACKAGE_TARNAME "openpa"
#define PACKAGE_VERSION "1.0.3"
#define PACKAGE_STRING "OpenPA 1.0.3"
#define PACKAGE_BUGREPORT "https://trac.mcs.anl.gov/projects/openpa/newticket"
#define PACKAGE_URL ""
#define PACKAGE "openpa"
#define VERSION "1.0.3"
#define STDC_HEADERS 1
#define HAVE_SYS_TYPES_H 1
#define HAVE_SYS_STAT_H 1
#define HAVE_STDLIB_H 1
#define HAVE_STRING_H 1
#define HAVE_MEMORY_H 1
#define HAVE_STRINGS_H 1
#define HAVE_INTTYPES_H 1
#define HAVE_STDINT_H 1
#define HAVE_UNISTD_H 1
#define HAVE_DLFCN_H 1
#define LT_OBJDIR ".libs/"
#define HAVE_PTHREAD_H 1
#define HAVE_INTRIN_H 1
#define HAVE_INTTYPES_H 1
#define HAVE_STDINT_H 1
#define HAVE_STDDEF_H 1
#define restrict __restrict
#define HAVE_LIBPTHREAD 1
#define HAVE_PTHREAD_YIELD 1
#define MAX_NTHREADS 100
#define SIZEOF_VOID_P 8
#define SIZEOF_INT 4
#define HAVE_GCC_X86_32_64 1
#define HAVE_GCC_X86_32_64_P3 1

configure: exit 0
