This file contains any messages produced by compilers while
running configure, to aid debugging if configure makes a mistake.

It was created by MPL configure 0.1, which was
generated by GNU Autoconf 2.69.  Invocation command line was

  $ ./configure --disable-option-checking --prefix=/global/homes/j/jialin/install --enable-fortran=no --cache-file=/dev/null --srcdir=.

## --------- ##
## Platform. ##
## --------- ##

hostname = hopper05
uname -m = x86_64
uname -r = 2.6.32.59-0.7-default
uname -s = Linux
uname -v = #1 SMP 2012-07-13 15:50:56 +0200

/usr/bin/uname -p = unknown
/bin/uname -X     = unknown

/bin/arch              = x86_64
/usr/bin/arch -k       = unknown
/usr/convex/getsysinfo = unknown
/usr/bin/hostinfo      = unknown
/bin/machine           = unknown
/usr/bin/oslevel       = unknown
/bin/universe          = unknown

PATH: /usr/common/usg/darshan/2.3.0/bin
PATH: /usr/common/usg/bin
PATH: /usr/common/mss/bin
PATH: /usr/common/nsg/bin
PATH: /opt/moab/7.2.7/bin
PATH: /opt/moab/7.2.7/sbin
PATH: /opt/torque/4.2.7.h1/sbin
PATH: /opt/torque/4.2.7.h1/bin
PATH: /opt/cray/atp/1.7.0/bin
PATH: /opt/cray/switch/1.0-1.0402.45840.2.63.gem/bin
PATH: /opt/cray/shared-root/1.0-1.0402.46893.3.17.gem/bin
PATH: /opt/cray/pdsh/2.26-1.0402.45278.1.1.gem/bin
PATH: /opt/cray/nodehealth/5.1-1.0402.45895.3.76.gem/bin
PATH: /opt/cray/lbcd/2.1-1.0402.45245.1.2.gem/bin
PATH: /opt/cray/hosts/1.0-1.0402.45251.1.86.gem/bin
PATH: /opt/cray/configuration/1.0-1.0402.45284.1.2.gem/bin
PATH: /opt/cray/ccm/default/sbin
PATH: /opt/cray/ccm/default/bin
PATH: /opt/cray/audit/1.0.0-1.0402.45273.1.86.gem/bin
PATH: /opt/cray/rca/1.0.0-2.0402.47290.7.1.gem/bin
PATH: /opt/cray/csa/3.0.0-1_2.0402.45268.1.90.gem/sbin
PATH: /opt/cray/csa/3.0.0-1_2.0402.45268.1.90.gem/bin
PATH: /opt/cray/job/1.5.5-0.1_2.0402.45272.1.5.gem/bin
PATH: /opt/cray/xpmem/0.1-2.0402.45248.1.5.gem/bin
PATH: /opt/cray/dmapp/4.0.1-1.0402.7784.4.1.gem/bin
PATH: /opt/cray/pmi/4.0.1-1.0000.9753.86.3.gem/bin
PATH: /opt/cray/ugni/5.0-1.0402.7551.1.10.gem/bin
PATH: /opt/cray/udreg/2.3.2-1.0402.7546.1.5.gem/bin
PATH: /opt/pgi/13.6.0/linux86-64/13.6/bin
PATH: /opt/cray/xt-asyncpe/5.23/bin
PATH: /opt/cray/eslogin/eswrap/1.0.20-1.010102.662.0/bin
PATH: /opt/modules/3.2.6.7/bin
PATH: /usr/syscom/nsg/sbin
PATH: /usr/syscom/nsg/bin
PATH: /opt/modules/3.2.6.6/bin
PATH: /usr/lpp/mmfs/bin
PATH: /usr/bin
PATH: /bin
PATH: /usr/sbin
PATH: /sbin
PATH: /usr/local/bin
PATH: /usr/bin/X11
PATH: /usr/X11R6/bin
PATH: /usr/games
PATH: /usr/lib/mit/bin
PATH: /usr/lib/mit/sbin
PATH: /usr/lib/qt3/bin
PATH: /opt/cray/bin


## ----------- ##
## Core tests. ##
## ----------- ##

configure:2273: checking for a BSD-compatible install
configure:2341: result: /usr/bin/install -c
configure:2352: checking whether build environment is sane
configure:2407: result: yes
configure:2558: checking for a thread-safe mkdir -p
configure:2597: result: /bin/mkdir -p
configure:2604: checking for gawk
configure:2620: found /usr/bin/gawk
configure:2631: result: gawk
configure:2642: checking whether make sets $(MAKE)
configure:2664: result: yes
configure:2693: checking whether make supports nested variables
configure:2710: result: yes
configure:2848: checking for style of include used by make
configure:2876: result: GNU
configure:3020: checking for C compiler version
configure:3029: pgcc --version >&5

pgcc 13.6-0 64-bit target on x86-64 Linux -tp shanghai 
Copyright 1989-2000, The Portland Group, Inc.  All Rights Reserved.
Copyright 2000-2013, STMicroelectronics, Inc.  All Rights Reserved.
configure:3040: $? = 0
configure:3029: pgcc -v >&5
pgcc-Warning-No files to process

configure:3040: $? = 0
configure:3029: pgcc -V >&5

pgcc 13.6-0 64-bit target on x86-64 Linux -tp shanghai 
Copyright 1989-2000, The Portland Group, Inc.  All Rights Reserved.
Copyright 2000-2013, STMicroelectronics, Inc.  All Rights Reserved.
configure:3040: $? = 0
configure:3029: pgcc -qversion >&5
pgcc-Error-Unknown switch: -qversion
configure:3040: $? = 1
configure:3060: checking whether the C compiler works
configure:3082: pgcc        conftest.c   >&5
configure:3086: $? = 0
configure:3134: result: yes
configure:3137: checking for C compiler default output file name
configure:3139: result: a.out
configure:3145: checking for suffix of executables
configure:3152: pgcc -o conftest        conftest.c   >&5
configure:3156: $? = 0
configure:3178: result: 
configure:3200: checking whether we are cross compiling
configure:3208: pgcc -o conftest        conftest.c   >&5
configure:3212: $? = 0
configure:3219: ./conftest
configure:3223: $? = 0
configure:3238: result: no
configure:3243: checking for suffix of object files
configure:3265: pgcc -c      conftest.c >&5
configure:3269: $? = 0
configure:3290: result: o
configure:3294: checking whether we are using the GNU C compiler
configure:3313: pgcc -c      conftest.c >&5
PGC-S-0040-Illegal use of symbol, choke (conftest.c: 16)
PGC-W-0156-Type not specified, 'int' assumed (conftest.c: 16)
PGC/x86-64 Linux 13.6-0: compilation completed with severe errors
configure:3313: $? = 2
configure: failed program was:
| /* confdefs.h */
| #define PACKAGE_NAME "MPL"
| #define PACKAGE_TARNAME "mpl"
| #define PACKAGE_VERSION "0.1"
| #define PACKAGE_STRING "MPL 0.1"
| #define PACKAGE_BUGREPORT ""
| #define PACKAGE_URL ""
| #define PACKAGE "mpl"
| #define VERSION "0.1"
| /* end confdefs.h.  */
| 
| int
| main ()
| {
| #ifndef __GNUC__
|        choke me
| #endif
| 
|   ;
|   return 0;
| }
configure:3322: result: no
configure:3331: checking whether pgcc accepts -g
configure:3351: pgcc -c -g   conftest.c >&5
configure:3351: $? = 0
configure:3392: result: yes
configure:3409: checking for pgcc option to accept ISO C89
configure:3472: pgcc  -c      conftest.c >&5
PGC-W-0261-no macro replacement within a character constant (conftest.c: 44)
PGC/x86-64 Linux 13.6-0: compilation completed with warnings
configure:3472: $? = 0
configure:3485: result: none needed
configure:3510: checking whether pgcc understands -c and -o together
configure:3532: pgcc -c conftest.c -o conftest2.o
configure:3535: $? = 0
configure:3532: pgcc -c conftest.c -o conftest2.o
configure:3535: $? = 0
configure:3547: result: yes
configure:3566: checking dependency style of pgcc
configure:3677: result: pgcc
configure:3803: checking the archiver (ar) interface
configure:3819: pgcc -c      conftest.c >&5
configure:3819: $? = 0
configure:3821: ar cru libconftest.a conftest.o >&5
configure:3824: $? = 0
configure:3852: result: ar
configure:3912: checking build system type
configure:3926: result: x86_64-unknown-linux-gnu
configure:3946: checking host system type
configure:3959: result: x86_64-unknown-linux-gnu
configure:4000: checking how to print strings
configure:4027: result: printf
configure:4048: checking for a sed that does not truncate output
configure:4112: result: /usr/bin/sed
configure:4130: checking for grep that handles long lines and -e
configure:4188: result: /usr/bin/grep
configure:4193: checking for egrep
configure:4255: result: /usr/bin/grep -E
configure:4260: checking for fgrep
configure:4322: result: /usr/bin/grep -F
configure:4390: checking for non-GNU ld
configure:4424: result: /usr/bin/X11/ld
configure:4431: checking if the linker (/usr/bin/X11/ld) is GNU ld
configure:4446: result: yes
configure:4458: checking for BSD- or MS-compatible name lister (nm)
configure:4507: result: /usr/bin/nm -B
configure:4637: checking the name lister (/usr/bin/nm -B) interface
configure:4644: pgcc -c      conftest.c >&5
configure:4647: /usr/bin/nm -B "conftest.o"
configure:4650: output
0000000000000000 D some_variable
configure:4657: result: BSD nm
configure:4660: checking whether ln -s works
configure:4664: result: yes
configure:4672: checking the maximum length of command line arguments
configure:4802: result: 3458764513820540925
configure:4819: checking whether the shell understands some XSI constructs
configure:4829: result: yes
configure:4833: checking whether the shell understands "+="
configure:4839: result: yes
configure:4874: checking how to convert x86_64-unknown-linux-gnu file names to x86_64-unknown-linux-gnu format
configure:4914: result: func_convert_file_noop
configure:4921: checking how to convert x86_64-unknown-linux-gnu file names to toolchain format
configure:4941: result: func_convert_file_noop
configure:4948: checking for /usr/bin/X11/ld option to reload object files
configure:4955: result: -r
configure:5029: checking for objdump
configure:5045: found /usr/bin/objdump
configure:5056: result: objdump
configure:5088: checking how to recognize dependent libraries
configure:5290: result: pass_all
configure:5375: checking for dlltool
configure:5405: result: no
configure:5435: checking how to associate runtime and link libraries
configure:5462: result: printf %s\n
configure:5586: checking for archiver @FILE support
configure:5603: pgcc -c      conftest.c >&5
configure:5603: $? = 0
configure:5606: ar cru libconftest.a @conftest.lst >&5
configure:5609: $? = 0
configure:5614: ar cru libconftest.a @conftest.lst >&5
ar: conftest.o: No such file or directory
configure:5617: $? = 1
configure:5629: result: @
configure:5687: checking for strip
configure:5703: found /usr/bin/strip
configure:5714: result: strip
configure:5786: checking for ranlib
configure:5813: result: ranlib
configure:5915: checking command to parse /usr/bin/nm -B output from pgcc object
configure:6035: pgcc -c      conftest.c >&5
configure:6038: $? = 0
configure:6042: /usr/bin/nm -B conftest.o \| sed -n -e 's/^.*[ ]\([ABCDGIRSTW][ABCDGIRSTW]*\)[ ][ ]*\([_A-Za-z][_A-Za-z0-9]*\)$/\1 \2 \2/p' | sed '/ __gnu_lto/d' \> conftest.nm
configure:6045: $? = 0
configure:6111: pgcc -o conftest        conftest.c conftstm.o >&5
conftest.c:
configure:6114: $? = 0
configure:6152: result: ok
configure:6189: checking for sysroot
configure:6219: result: no
configure:6296: pgcc -c      conftest.c >&5
configure:6299: $? = 0
configure:6481: checking for mt
configure:6497: found /usr/bin/mt
configure:6508: result: mt
configure:6531: checking if mt is a manifest tool
configure:6537: mt '-?'
mt: invalid option -- ?
configure:6545: result: no
configure:7187: checking how to run the C preprocessor
configure:7218: pgcc -E   conftest.c
configure:7218: $? = 0
configure:7232: pgcc -E   conftest.c
PGC-F-0206-Can't find include file ac_nonexistent.h (conftest.c: 11)
PGC/x86-64 Linux 13.6-0: compilation aborted
configure:7232: $? = 2
configure: failed program was:
| /* confdefs.h */
| #define PACKAGE_NAME "MPL"
| #define PACKAGE_TARNAME "mpl"
| #define PACKAGE_VERSION "0.1"
| #define PACKAGE_STRING "MPL 0.1"
| #define PACKAGE_BUGREPORT ""
| #define PACKAGE_URL ""
| #define PACKAGE "mpl"
| #define VERSION "0.1"
| /* end confdefs.h.  */
| #include <ac_nonexistent.h>
configure:7257: result: pgcc -E
configure:7277: pgcc -E   conftest.c
configure:7277: $? = 0
configure:7291: pgcc -E   conftest.c
PGC-F-0206-Can't find include file ac_nonexistent.h (conftest.c: 11)
PGC/x86-64 Linux 13.6-0: compilation aborted
configure:7291: $? = 2
configure: failed program was:
| /* confdefs.h */
| #define PACKAGE_NAME "MPL"
| #define PACKAGE_TARNAME "mpl"
| #define PACKAGE_VERSION "0.1"
| #define PACKAGE_STRING "MPL 0.1"
| #define PACKAGE_BUGREPORT ""
| #define PACKAGE_URL ""
| #define PACKAGE "mpl"
| #define VERSION "0.1"
| /* end confdefs.h.  */
| #include <ac_nonexistent.h>
configure:7320: checking for ANSI C header files
configure:7340: pgcc -c      conftest.c >&5
configure:7340: $? = 0
configure:7413: pgcc -o conftest        conftest.c   >&5
configure:7413: $? = 0
configure:7413: ./conftest
configure:7413: $? = 0
configure:7424: result: yes
configure:7437: checking for sys/types.h
configure:7437: pgcc -c      conftest.c >&5
configure:7437: $? = 0
configure:7437: result: yes
configure:7437: checking for sys/stat.h
configure:7437: pgcc -c      conftest.c >&5
configure:7437: $? = 0
configure:7437: result: yes
configure:7437: checking for stdlib.h
configure:7437: pgcc -c      conftest.c >&5
configure:7437: $? = 0
configure:7437: result: yes
configure:7437: checking for string.h
configure:7437: pgcc -c      conftest.c >&5
configure:7437: $? = 0
configure:7437: result: yes
configure:7437: checking for memory.h
configure:7437: pgcc -c      conftest.c >&5
configure:7437: $? = 0
configure:7437: result: yes
configure:7437: checking for strings.h
configure:7437: pgcc -c      conftest.c >&5
configure:7437: $? = 0
configure:7437: result: yes
configure:7437: checking for inttypes.h
configure:7437: pgcc -c      conftest.c >&5
configure:7437: $? = 0
configure:7437: result: yes
configure:7437: checking for stdint.h
configure:7437: pgcc -c      conftest.c >&5
configure:7437: $? = 0
configure:7437: result: yes
configure:7437: checking for unistd.h
configure:7437: pgcc -c      conftest.c >&5
configure:7437: $? = 0
configure:7437: result: yes
configure:7451: checking for dlfcn.h
configure:7451: pgcc -c      conftest.c >&5
configure:7451: $? = 0
configure:7451: result: yes
configure:7657: checking for objdir
configure:7672: result: .libs
configure:8305: checking for pgcc option to produce PIC
configure:8312: result: -fpic -DPIC
configure:8320: checking if pgcc PIC flag -fpic -DPIC works
configure:8338: pgcc -c      -fpic -DPIC -DPIC conftest.c >&5
configure:8342: $? = 0
configure:8355: result: yes
configure:8384: checking if pgcc static flag -Bstatic works
configure:8412: result: yes
configure:8427: checking if pgcc supports -c -o file.o
configure:8448: pgcc -c      -o out/conftest2.o conftest.c >&5
configure:8452: $? = 0
configure:8474: result: yes
configure:8482: checking if pgcc supports -c -o file.o
configure:8529: result: yes
configure:8562: checking whether the pgcc linker (/usr/bin/X11/ld -m elf_x86_64) supports shared libraries
configure:9717: result: yes
configure:9957: checking dynamic linker characteristics
configure:10468: pgcc -o conftest        -Wl,-rpath -Wl,/foo conftest.c   >&5
configure:10468: $? = 0
configure:10690: result: GNU/Linux ld.so
configure:10797: checking how to hardcode library paths into programs
configure:10822: result: immediate
configure:11362: checking whether stripping libraries is possible
configure:11367: result: yes
configure:11402: checking if libtool supports shared libraries
configure:11404: result: yes
configure:11407: checking whether to build shared libraries
configure:11428: result: yes
configure:11431: checking whether to build static libraries
configure:11435: result: yes
configure:11509: checking whether make supports nested variables
configure:11526: result: yes
configure:11538: checking for an ANSI C-conforming const
configure:11604: pgcc -c      conftest.c >&5
configure:11604: $? = 0
configure:11611: result: yes
configure:11619: checking for C/C++ restrict keyword
configure:11644: pgcc -c      conftest.c >&5
configure:11644: $? = 0
configure:11652: result: __restrict
configure:11665: checking for inline
configure:11681: pgcc -c      conftest.c >&5
configure:11681: $? = 0
configure:11689: result: inline
configure:11709: checking for variable argument list macro functionality
configure:11725: pgcc -o conftest        conftest.c   >&5
configure:11725: $? = 0
configure:11729: result: yes
configure:11758: checking for gcov
configure:11774: found /usr/bin/gcov
configure:11785: result: gcov
configure:11906: checking whether the compiler supports __typeof(variable)
configure:11922: pgcc -c      conftest.c >&5
configure:11922: $? = 0
configure:11930: result: yes
configure:11941: checking stdio.h usability
configure:11941: pgcc -c      conftest.c >&5
configure:11941: $? = 0
configure:11941: result: yes
configure:11941: checking stdio.h presence
configure:11941: pgcc -E   conftest.c
configure:11941: $? = 0
configure:11941: result: yes
configure:11941: checking for stdio.h
configure:11941: result: yes
configure:11941: checking for stdlib.h
configure:11941: result: yes
configure:11941: checking for string.h
configure:11941: result: yes
configure:11941: checking stdarg.h usability
configure:11941: pgcc -c      conftest.c >&5
configure:11941: $? = 0
configure:11941: result: yes
configure:11941: checking stdarg.h presence
configure:11941: pgcc -E   conftest.c
configure:11941: $? = 0
configure:11941: result: yes
configure:11941: checking for stdarg.h
configure:11941: result: yes
configure:11941: checking ctype.h usability
configure:11941: pgcc -c      conftest.c >&5
configure:11941: $? = 0
configure:11941: result: yes
configure:11941: checking ctype.h presence
configure:11941: pgcc -E   conftest.c
configure:11941: $? = 0
configure:11941: result: yes
configure:11941: checking for ctype.h
configure:11941: result: yes
configure:11941: checking search.h usability
configure:11941: pgcc -c      conftest.c >&5
configure:11941: $? = 0
configure:11941: result: yes
configure:11941: checking search.h presence
configure:11941: pgcc -E   conftest.c
configure:11941: $? = 0
configure:11941: result: yes
configure:11941: checking for search.h
configure:11941: result: yes
configure:11941: checking for sys/types.h
configure:11941: result: yes
configure:11941: checking sys/uio.h usability
configure:11941: pgcc -c      conftest.c >&5
configure:11941: $? = 0
configure:11941: result: yes
configure:11941: checking sys/uio.h presence
configure:11941: pgcc -E   conftest.c
configure:11941: $? = 0
configure:11941: result: yes
configure:11941: checking for sys/uio.h
configure:11941: result: yes
configure:11956: checking for inttypes.h
configure:11956: result: yes
configure:11956: checking for stdint.h
configure:11956: result: yes
configure:11998: checking valgrind.h usability
configure:11998: pgcc -c      conftest.c >&5
PGC-F-0206-Can't find include file valgrind.h (conftest.c: 69)
PGC/x86-64 Linux 13.6-0: compilation aborted
configure:11998: $? = 2
configure: failed program was:
| /* confdefs.h */
| #define PACKAGE_NAME "MPL"
| #define PACKAGE_TARNAME "mpl"
| #define PACKAGE_VERSION "0.1"
| #define PACKAGE_STRING "MPL 0.1"
| #define PACKAGE_BUGREPORT ""
| #define PACKAGE_URL ""
| #define PACKAGE "mpl"
| #define VERSION "0.1"
| #define STDC_HEADERS 1
| #define HAVE_SYS_TYPES_H 1
| #define HAVE_SYS_STAT_H 1
| #define HAVE_STDLIB_H 1
| #define HAVE_STRING_H 1
| #define HAVE_MEMORY_H 1
| #define HAVE_STRINGS_H 1
| #define HAVE_INTTYPES_H 1
| #define HAVE_STDINT_H 1
| #define HAVE_UNISTD_H 1
| #define HAVE_DLFCN_H 1
| #define LT_OBJDIR ".libs/"
| #define restrict __restrict
| #define HAVE_MACRO_VA_ARGS 1
| #define HAVE___TYPEOF 1
| #define HAVE_STDIO_H 1
| #define HAVE_STDLIB_H 1
| #define HAVE_STRING_H 1
| #define HAVE_STDARG_H 1
| #define HAVE_CTYPE_H 1
| #define HAVE_SEARCH_H 1
| #define HAVE_SYS_TYPES_H 1
| #define HAVE_SYS_UIO_H 1
| #define HAVE_INTTYPES_H 1
| #define HAVE_STDINT_H 1
| /* end confdefs.h.  */
| #include <stdio.h>
| #ifdef HAVE_SYS_TYPES_H
| # include <sys/types.h>
| #endif
| #ifdef HAVE_SYS_STAT_H
| # include <sys/stat.h>
| #endif
| #ifdef STDC_HEADERS
| # include <stdlib.h>
| # include <stddef.h>
| #else
| # ifdef HAVE_STDLIB_H
| #  include <stdlib.h>
| # endif
| #endif
| #ifdef HAVE_STRING_H
| # if !defined STDC_HEADERS && defined HAVE_MEMORY_H
| #  include <memory.h>
| # endif
| # include <string.h>
| #endif
| #ifdef HAVE_STRINGS_H
| # include <strings.h>
| #endif
| #ifdef HAVE_INTTYPES_H
| # include <inttypes.h>
| #endif
| #ifdef HAVE_STDINT_H
| # include <stdint.h>
| #endif
| #ifdef HAVE_UNISTD_H
| # include <unistd.h>
| #endif
| #include <valgrind.h>
configure:11998: result: no
configure:11998: checking valgrind.h presence
configure:11998: pgcc -E   conftest.c
PGC-F-0206-Can't find include file valgrind.h (conftest.c: 36)
PGC/x86-64 Linux 13.6-0: compilation aborted
configure:11998: $? = 2
configure: failed program was:
| /* confdefs.h */
| #define PACKAGE_NAME "MPL"
| #define PACKAGE_TARNAME "mpl"
| #define PACKAGE_VERSION "0.1"
| #define PACKAGE_STRING "MPL 0.1"
| #define PACKAGE_BUGREPORT ""
| #define PACKAGE_URL ""
| #define PACKAGE "mpl"
| #define VERSION "0.1"
| #define STDC_HEADERS 1
| #define HAVE_SYS_TYPES_H 1
| #define HAVE_SYS_STAT_H 1
| #define HAVE_STDLIB_H 1
| #define HAVE_STRING_H 1
| #define HAVE_MEMORY_H 1
| #define HAVE_STRINGS_H 1
| #define HAVE_INTTYPES_H 1
| #define HAVE_STDINT_H 1
| #define HAVE_UNISTD_H 1
| #define HAVE_DLFCN_H 1
| #define LT_OBJDIR ".libs/"
| #define restrict __restrict
| #define HAVE_MACRO_VA_ARGS 1
| #define HAVE___TYPEOF 1
| #define HAVE_STDIO_H 1
| #define HAVE_STDLIB_H 1
| #define HAVE_STRING_H 1
| #define HAVE_STDARG_H 1
| #define HAVE_CTYPE_H 1
| #define HAVE_SEARCH_H 1
| #define HAVE_SYS_TYPES_H 1
| #define HAVE_SYS_UIO_H 1
| #define HAVE_INTTYPES_H 1
| #define HAVE_STDINT_H 1
| /* end confdefs.h.  */
| #include <valgrind.h>
configure:11998: result: no
configure:11998: checking for valgrind.h
configure:11998: result: no
configure:11998: checking memcheck.h usability
configure:11998: pgcc -c      conftest.c >&5
PGC-F-0206-Can't find include file memcheck.h (conftest.c: 69)
PGC/x86-64 Linux 13.6-0: compilation aborted
configure:11998: $? = 2
configure: failed program was:
| /* confdefs.h */
| #define PACKAGE_NAME "MPL"
| #define PACKAGE_TARNAME "mpl"
| #define PACKAGE_VERSION "0.1"
| #define PACKAGE_STRING "MPL 0.1"
| #define PACKAGE_BUGREPORT ""
| #define PACKAGE_URL ""
| #define PACKAGE "mpl"
| #define VERSION "0.1"
| #define STDC_HEADERS 1
| #define HAVE_SYS_TYPES_H 1
| #define HAVE_SYS_STAT_H 1
| #define HAVE_STDLIB_H 1
| #define HAVE_STRING_H 1
| #define HAVE_MEMORY_H 1
| #define HAVE_STRINGS_H 1
| #define HAVE_INTTYPES_H 1
| #define HAVE_STDINT_H 1
| #define HAVE_UNISTD_H 1
| #define HAVE_DLFCN_H 1
| #define LT_OBJDIR ".libs/"
| #define restrict __restrict
| #define HAVE_MACRO_VA_ARGS 1
| #define HAVE___TYPEOF 1
| #define HAVE_STDIO_H 1
| #define HAVE_STDLIB_H 1
| #define HAVE_STRING_H 1
| #define HAVE_STDARG_H 1
| #define HAVE_CTYPE_H 1
| #define HAVE_SEARCH_H 1
| #define HAVE_SYS_TYPES_H 1
| #define HAVE_SYS_UIO_H 1
| #define HAVE_INTTYPES_H 1
| #define HAVE_STDINT_H 1
| /* end confdefs.h.  */
| #include <stdio.h>
| #ifdef HAVE_SYS_TYPES_H
| # include <sys/types.h>
| #endif
| #ifdef HAVE_SYS_STAT_H
| # include <sys/stat.h>
| #endif
| #ifdef STDC_HEADERS
| # include <stdlib.h>
| # include <stddef.h>
| #else
| # ifdef HAVE_STDLIB_H
| #  include <stdlib.h>
| # endif
| #endif
| #ifdef HAVE_STRING_H
| # if !defined STDC_HEADERS && defined HAVE_MEMORY_H
| #  include <memory.h>
| # endif
| # include <string.h>
| #endif
| #ifdef HAVE_STRINGS_H
| # include <strings.h>
| #endif
| #ifdef HAVE_INTTYPES_H
| # include <inttypes.h>
| #endif
| #ifdef HAVE_STDINT_H
| # include <stdint.h>
| #endif
| #ifdef HAVE_UNISTD_H
| # include <unistd.h>
| #endif
| #include <memcheck.h>
configure:11998: result: no
configure:11998: checking memcheck.h presence
configure:11998: pgcc -E   conftest.c
PGC-F-0206-Can't find include file memcheck.h (conftest.c: 36)
PGC/x86-64 Linux 13.6-0: compilation aborted
configure:11998: $? = 2
configure: failed program was:
| /* confdefs.h */
| #define PACKAGE_NAME "MPL"
| #define PACKAGE_TARNAME "mpl"
| #define PACKAGE_VERSION "0.1"
| #define PACKAGE_STRING "MPL 0.1"
| #define PACKAGE_BUGREPORT ""
| #define PACKAGE_URL ""
| #define PACKAGE "mpl"
| #define VERSION "0.1"
| #define STDC_HEADERS 1
| #define HAVE_SYS_TYPES_H 1
| #define HAVE_SYS_STAT_H 1
| #define HAVE_STDLIB_H 1
| #define HAVE_STRING_H 1
| #define HAVE_MEMORY_H 1
| #define HAVE_STRINGS_H 1
| #define HAVE_INTTYPES_H 1
| #define HAVE_STDINT_H 1
| #define HAVE_UNISTD_H 1
| #define HAVE_DLFCN_H 1
| #define LT_OBJDIR ".libs/"
| #define restrict __restrict
| #define HAVE_MACRO_VA_ARGS 1
| #define HAVE___TYPEOF 1
| #define HAVE_STDIO_H 1
| #define HAVE_STDLIB_H 1
| #define HAVE_STRING_H 1
| #define HAVE_STDARG_H 1
| #define HAVE_CTYPE_H 1
| #define HAVE_SEARCH_H 1
| #define HAVE_SYS_TYPES_H 1
| #define HAVE_SYS_UIO_H 1
| #define HAVE_INTTYPES_H 1
| #define HAVE_STDINT_H 1
| /* end confdefs.h.  */
| #include <memcheck.h>
configure:11998: result: no
configure:11998: checking for memcheck.h
configure:11998: result: no
configure:11998: checking valgrind/valgrind.h usability
configure:11998: pgcc -c      conftest.c >&5
PGC-F-0206-Can't find include file valgrind/valgrind.h (conftest.c: 69)
PGC/x86-64 Linux 13.6-0: compilation aborted
configure:11998: $? = 2
configure: failed program was:
| /* confdefs.h */
| #define PACKAGE_NAME "MPL"
| #define PACKAGE_TARNAME "mpl"
| #define PACKAGE_VERSION "0.1"
| #define PACKAGE_STRING "MPL 0.1"
| #define PACKAGE_BUGREPORT ""
| #define PACKAGE_URL ""
| #define PACKAGE "mpl"
| #define VERSION "0.1"
| #define STDC_HEADERS 1
| #define HAVE_SYS_TYPES_H 1
| #define HAVE_SYS_STAT_H 1
| #define HAVE_STDLIB_H 1
| #define HAVE_STRING_H 1
| #define HAVE_MEMORY_H 1
| #define HAVE_STRINGS_H 1
| #define HAVE_INTTYPES_H 1
| #define HAVE_STDINT_H 1
| #define HAVE_UNISTD_H 1
| #define HAVE_DLFCN_H 1
| #define LT_OBJDIR ".libs/"
| #define restrict __restrict
| #define HAVE_MACRO_VA_ARGS 1
| #define HAVE___TYPEOF 1
| #define HAVE_STDIO_H 1
| #define HAVE_STDLIB_H 1
| #define HAVE_STRING_H 1
| #define HAVE_STDARG_H 1
| #define HAVE_CTYPE_H 1
| #define HAVE_SEARCH_H 1
| #define HAVE_SYS_TYPES_H 1
| #define HAVE_SYS_UIO_H 1
| #define HAVE_INTTYPES_H 1
| #define HAVE_STDINT_H 1
| /* end confdefs.h.  */
| #include <stdio.h>
| #ifdef HAVE_SYS_TYPES_H
| # include <sys/types.h>
| #endif
| #ifdef HAVE_SYS_STAT_H
| # include <sys/stat.h>
| #endif
| #ifdef STDC_HEADERS
| # include <stdlib.h>
| # include <stddef.h>
| #else
| # ifdef HAVE_STDLIB_H
| #  include <stdlib.h>
| # endif
| #endif
| #ifdef HAVE_STRING_H
| # if !defined STDC_HEADERS && defined HAVE_MEMORY_H
| #  include <memory.h>
| # endif
| # include <string.h>
| #endif
| #ifdef HAVE_STRINGS_H
| # include <strings.h>
| #endif
| #ifdef HAVE_INTTYPES_H
| # include <inttypes.h>
| #endif
| #ifdef HAVE_STDINT_H
| # include <stdint.h>
| #endif
| #ifdef HAVE_UNISTD_H
| # include <unistd.h>
| #endif
| #include <valgrind/valgrind.h>
configure:11998: result: no
configure:11998: checking valgrind/valgrind.h presence
configure:11998: pgcc -E   conftest.c
PGC-F-0206-Can't find include file valgrind/valgrind.h (conftest.c: 36)
PGC/x86-64 Linux 13.6-0: compilation aborted
configure:11998: $? = 2
configure: failed program was:
| /* confdefs.h */
| #define PACKAGE_NAME "MPL"
| #define PACKAGE_TARNAME "mpl"
| #define PACKAGE_VERSION "0.1"
| #define PACKAGE_STRING "MPL 0.1"
| #define PACKAGE_BUGREPORT ""
| #define PACKAGE_URL ""
| #define PACKAGE "mpl"
| #define VERSION "0.1"
| #define STDC_HEADERS 1
| #define HAVE_SYS_TYPES_H 1
| #define HAVE_SYS_STAT_H 1
| #define HAVE_STDLIB_H 1
| #define HAVE_STRING_H 1
| #define HAVE_MEMORY_H 1
| #define HAVE_STRINGS_H 1
| #define HAVE_INTTYPES_H 1
| #define HAVE_STDINT_H 1
| #define HAVE_UNISTD_H 1
| #define HAVE_DLFCN_H 1
| #define LT_OBJDIR ".libs/"
| #define restrict __restrict
| #define HAVE_MACRO_VA_ARGS 1
| #define HAVE___TYPEOF 1
| #define HAVE_STDIO_H 1
| #define HAVE_STDLIB_H 1
| #define HAVE_STRING_H 1
| #define HAVE_STDARG_H 1
| #define HAVE_CTYPE_H 1
| #define HAVE_SEARCH_H 1
| #define HAVE_SYS_TYPES_H 1
| #define HAVE_SYS_UIO_H 1
| #define HAVE_INTTYPES_H 1
| #define HAVE_STDINT_H 1
| /* end confdefs.h.  */
| #include <valgrind/valgrind.h>
configure:11998: result: no
configure:11998: checking for valgrind/valgrind.h
configure:11998: result: no
configure:11998: checking valgrind/memcheck.h usability
configure:11998: pgcc -c      conftest.c >&5
PGC-F-0206-Can't find include file valgrind/memcheck.h (conftest.c: 69)
PGC/x86-64 Linux 13.6-0: compilation aborted
configure:11998: $? = 2
configure: failed program was:
| /* confdefs.h */
| #define PACKAGE_NAME "MPL"
| #define PACKAGE_TARNAME "mpl"
| #define PACKAGE_VERSION "0.1"
| #define PACKAGE_STRING "MPL 0.1"
| #define PACKAGE_BUGREPORT ""
| #define PACKAGE_URL ""
| #define PACKAGE "mpl"
| #define VERSION "0.1"
| #define STDC_HEADERS 1
| #define HAVE_SYS_TYPES_H 1
| #define HAVE_SYS_STAT_H 1
| #define HAVE_STDLIB_H 1
| #define HAVE_STRING_H 1
| #define HAVE_MEMORY_H 1
| #define HAVE_STRINGS_H 1
| #define HAVE_INTTYPES_H 1
| #define HAVE_STDINT_H 1
| #define HAVE_UNISTD_H 1
| #define HAVE_DLFCN_H 1
| #define LT_OBJDIR ".libs/"
| #define restrict __restrict
| #define HAVE_MACRO_VA_ARGS 1
| #define HAVE___TYPEOF 1
| #define HAVE_STDIO_H 1
| #define HAVE_STDLIB_H 1
| #define HAVE_STRING_H 1
| #define HAVE_STDARG_H 1
| #define HAVE_CTYPE_H 1
| #define HAVE_SEARCH_H 1
| #define HAVE_SYS_TYPES_H 1
| #define HAVE_SYS_UIO_H 1
| #define HAVE_INTTYPES_H 1
| #define HAVE_STDINT_H 1
| /* end confdefs.h.  */
| #include <stdio.h>
| #ifdef HAVE_SYS_TYPES_H
| # include <sys/types.h>
| #endif
| #ifdef HAVE_SYS_STAT_H
| # include <sys/stat.h>
| #endif
| #ifdef STDC_HEADERS
| # include <stdlib.h>
| # include <stddef.h>
| #else
| # ifdef HAVE_STDLIB_H
| #  include <stdlib.h>
| # endif
| #endif
| #ifdef HAVE_STRING_H
| # if !defined STDC_HEADERS && defined HAVE_MEMORY_H
| #  include <memory.h>
| # endif
| # include <string.h>
| #endif
| #ifdef HAVE_STRINGS_H
| # include <strings.h>
| #endif
| #ifdef HAVE_INTTYPES_H
| # include <inttypes.h>
| #endif
| #ifdef HAVE_STDINT_H
| # include <stdint.h>
| #endif
| #ifdef HAVE_UNISTD_H
| # include <unistd.h>
| #endif
| #include <valgrind/memcheck.h>
configure:11998: result: no
configure:11998: checking valgrind/memcheck.h presence
configure:11998: pgcc -E   conftest.c
PGC-F-0206-Can't find include file valgrind/memcheck.h (conftest.c: 36)
PGC/x86-64 Linux 13.6-0: compilation aborted
configure:11998: $? = 2
configure: failed program was:
| /* confdefs.h */
| #define PACKAGE_NAME "MPL"
| #define PACKAGE_TARNAME "mpl"
| #define PACKAGE_VERSION "0.1"
| #define PACKAGE_STRING "MPL 0.1"
| #define PACKAGE_BUGREPORT ""
| #define PACKAGE_URL ""
| #define PACKAGE "mpl"
| #define VERSION "0.1"
| #define STDC_HEADERS 1
| #define HAVE_SYS_TYPES_H 1
| #define HAVE_SYS_STAT_H 1
| #define HAVE_STDLIB_H 1
| #define HAVE_STRING_H 1
| #define HAVE_MEMORY_H 1
| #define HAVE_STRINGS_H 1
| #define HAVE_INTTYPES_H 1
| #define HAVE_STDINT_H 1
| #define HAVE_UNISTD_H 1
| #define HAVE_DLFCN_H 1
| #define LT_OBJDIR ".libs/"
| #define restrict __restrict
| #define HAVE_MACRO_VA_ARGS 1
| #define HAVE___TYPEOF 1
| #define HAVE_STDIO_H 1
| #define HAVE_STDLIB_H 1
| #define HAVE_STRING_H 1
| #define HAVE_STDARG_H 1
| #define HAVE_CTYPE_H 1
| #define HAVE_SEARCH_H 1
| #define HAVE_SYS_TYPES_H 1
| #define HAVE_SYS_UIO_H 1
| #define HAVE_INTTYPES_H 1
| #define HAVE_STDINT_H 1
| /* end confdefs.h.  */
| #include <valgrind/memcheck.h>
configure:11998: result: no
configure:11998: checking for valgrind/memcheck.h
configure:11998: result: no
configure:12014: checking helgrind.h usability
configure:12014: pgcc -c      conftest.c >&5
PGC-F-0206-Can't find include file helgrind.h (conftest.c: 69)
PGC/x86-64 Linux 13.6-0: compilation aborted
configure:12014: $? = 2
configure: failed program was:
| /* confdefs.h */
| #define PACKAGE_NAME "MPL"
| #define PACKAGE_TARNAME "mpl"
| #define PACKAGE_VERSION "0.1"
| #define PACKAGE_STRING "MPL 0.1"
| #define PACKAGE_BUGREPORT ""
| #define PACKAGE_URL ""
| #define PACKAGE "mpl"
| #define VERSION "0.1"
| #define STDC_HEADERS 1
| #define HAVE_SYS_TYPES_H 1
| #define HAVE_SYS_STAT_H 1
| #define HAVE_STDLIB_H 1
| #define HAVE_STRING_H 1
| #define HAVE_MEMORY_H 1
| #define HAVE_STRINGS_H 1
| #define HAVE_INTTYPES_H 1
| #define HAVE_STDINT_H 1
| #define HAVE_UNISTD_H 1
| #define HAVE_DLFCN_H 1
| #define LT_OBJDIR ".libs/"
| #define restrict __restrict
| #define HAVE_MACRO_VA_ARGS 1
| #define HAVE___TYPEOF 1
| #define HAVE_STDIO_H 1
| #define HAVE_STDLIB_H 1
| #define HAVE_STRING_H 1
| #define HAVE_STDARG_H 1
| #define HAVE_CTYPE_H 1
| #define HAVE_SEARCH_H 1
| #define HAVE_SYS_TYPES_H 1
| #define HAVE_SYS_UIO_H 1
| #define HAVE_INTTYPES_H 1
| #define HAVE_STDINT_H 1
| /* end confdefs.h.  */
| #include <stdio.h>
| #ifdef HAVE_SYS_TYPES_H
| # include <sys/types.h>
| #endif
| #ifdef HAVE_SYS_STAT_H
| # include <sys/stat.h>
| #endif
| #ifdef STDC_HEADERS
| # include <stdlib.h>
| # include <stddef.h>
| #else
| # ifdef HAVE_STDLIB_H
| #  include <stdlib.h>
| # endif
| #endif
| #ifdef HAVE_STRING_H
| # if !defined STDC_HEADERS && defined HAVE_MEMORY_H
| #  include <memory.h>
| # endif
| # include <string.h>
| #endif
| #ifdef HAVE_STRINGS_H
| # include <strings.h>
| #endif
| #ifdef HAVE_INTTYPES_H
| # include <inttypes.h>
| #endif
| #ifdef HAVE_STDINT_H
| # include <stdint.h>
| #endif
| #ifdef HAVE_UNISTD_H
| # include <unistd.h>
| #endif
| #include <helgrind.h>
configure:12014: result: no
configure:12014: checking helgrind.h presence
configure:12014: pgcc -E   conftest.c
PGC-F-0206-Can't find include file helgrind.h (conftest.c: 36)
PGC/x86-64 Linux 13.6-0: compilation aborted
configure:12014: $? = 2
configure: failed program was:
| /* confdefs.h */
| #define PACKAGE_NAME "MPL"
| #define PACKAGE_TARNAME "mpl"
| #define PACKAGE_VERSION "0.1"
| #define PACKAGE_STRING "MPL 0.1"
| #define PACKAGE_BUGREPORT ""
| #define PACKAGE_URL ""
| #define PACKAGE "mpl"
| #define VERSION "0.1"
| #define STDC_HEADERS 1
| #define HAVE_SYS_TYPES_H 1
| #define HAVE_SYS_STAT_H 1
| #define HAVE_STDLIB_H 1
| #define HAVE_STRING_H 1
| #define HAVE_MEMORY_H 1
| #define HAVE_STRINGS_H 1
| #define HAVE_INTTYPES_H 1
| #define HAVE_STDINT_H 1
| #define HAVE_UNISTD_H 1
| #define HAVE_DLFCN_H 1
| #define LT_OBJDIR ".libs/"
| #define restrict __restrict
| #define HAVE_MACRO_VA_ARGS 1
| #define HAVE___TYPEOF 1
| #define HAVE_STDIO_H 1
| #define HAVE_STDLIB_H 1
| #define HAVE_STRING_H 1
| #define HAVE_STDARG_H 1
| #define HAVE_CTYPE_H 1
| #define HAVE_SEARCH_H 1
| #define HAVE_SYS_TYPES_H 1
| #define HAVE_SYS_UIO_H 1
| #define HAVE_INTTYPES_H 1
| #define HAVE_STDINT_H 1
| /* end confdefs.h.  */
| #include <helgrind.h>
configure:12014: result: no
configure:12014: checking for helgrind.h
configure:12014: result: no
configure:12014: checking valgrind/helgrind.h usability
configure:12014: pgcc -c      conftest.c >&5
PGC-F-0206-Can't find include file valgrind/helgrind.h (conftest.c: 69)
PGC/x86-64 Linux 13.6-0: compilation aborted
configure:12014: $? = 2
configure: failed program was:
| /* confdefs.h */
| #define PACKAGE_NAME "MPL"
| #define PACKAGE_TARNAME "mpl"
| #define PACKAGE_VERSION "0.1"
| #define PACKAGE_STRING "MPL 0.1"
| #define PACKAGE_BUGREPORT ""
| #define PACKAGE_URL ""
| #define PACKAGE "mpl"
| #define VERSION "0.1"
| #define STDC_HEADERS 1
| #define HAVE_SYS_TYPES_H 1
| #define HAVE_SYS_STAT_H 1
| #define HAVE_STDLIB_H 1
| #define HAVE_STRING_H 1
| #define HAVE_MEMORY_H 1
| #define HAVE_STRINGS_H 1
| #define HAVE_INTTYPES_H 1
| #define HAVE_STDINT_H 1
| #define HAVE_UNISTD_H 1
| #define HAVE_DLFCN_H 1
| #define LT_OBJDIR ".libs/"
| #define restrict __restrict
| #define HAVE_MACRO_VA_ARGS 1
| #define HAVE___TYPEOF 1
| #define HAVE_STDIO_H 1
| #define HAVE_STDLIB_H 1
| #define HAVE_STRING_H 1
| #define HAVE_STDARG_H 1
| #define HAVE_CTYPE_H 1
| #define HAVE_SEARCH_H 1
| #define HAVE_SYS_TYPES_H 1
| #define HAVE_SYS_UIO_H 1
| #define HAVE_INTTYPES_H 1
| #define HAVE_STDINT_H 1
| /* end confdefs.h.  */
| #include <stdio.h>
| #ifdef HAVE_SYS_TYPES_H
| # include <sys/types.h>
| #endif
| #ifdef HAVE_SYS_STAT_H
| # include <sys/stat.h>
| #endif
| #ifdef STDC_HEADERS
| # include <stdlib.h>
| # include <stddef.h>
| #else
| # ifdef HAVE_STDLIB_H
| #  include <stdlib.h>
| # endif
| #endif
| #ifdef HAVE_STRING_H
| # if !defined STDC_HEADERS && defined HAVE_MEMORY_H
| #  include <memory.h>
| # endif
| # include <string.h>
| #endif
| #ifdef HAVE_STRINGS_H
| # include <strings.h>
| #endif
| #ifdef HAVE_INTTYPES_H
| # include <inttypes.h>
| #endif
| #ifdef HAVE_STDINT_H
| # include <stdint.h>
| #endif
| #ifdef HAVE_UNISTD_H
| # include <unistd.h>
| #endif
| #include <valgrind/helgrind.h>
configure:12014: result: no
configure:12014: checking valgrind/helgrind.h presence
configure:12014: pgcc -E   conftest.c
PGC-F-0206-Can't find include file valgrind/helgrind.h (conftest.c: 36)
PGC/x86-64 Linux 13.6-0: compilation aborted
configure:12014: $? = 2
configure: failed program was:
| /* confdefs.h */
| #define PACKAGE_NAME "MPL"
| #define PACKAGE_TARNAME "mpl"
| #define PACKAGE_VERSION "0.1"
| #define PACKAGE_STRING "MPL 0.1"
| #define PACKAGE_BUGREPORT ""
| #define PACKAGE_URL ""
| #define PACKAGE "mpl"
| #define VERSION "0.1"
| #define STDC_HEADERS 1
| #define HAVE_SYS_TYPES_H 1
| #define HAVE_SYS_STAT_H 1
| #define HAVE_STDLIB_H 1
| #define HAVE_STRING_H 1
| #define HAVE_MEMORY_H 1
| #define HAVE_STRINGS_H 1
| #define HAVE_INTTYPES_H 1
| #define HAVE_STDINT_H 1
| #define HAVE_UNISTD_H 1
| #define HAVE_DLFCN_H 1
| #define LT_OBJDIR ".libs/"
| #define restrict __restrict
| #define HAVE_MACRO_VA_ARGS 1
| #define HAVE___TYPEOF 1
| #define HAVE_STDIO_H 1
| #define HAVE_STDLIB_H 1
| #define HAVE_STRING_H 1
| #define HAVE_STDARG_H 1
| #define HAVE_CTYPE_H 1
| #define HAVE_SEARCH_H 1
| #define HAVE_SYS_TYPES_H 1
| #define HAVE_SYS_UIO_H 1
| #define HAVE_INTTYPES_H 1
| #define HAVE_STDINT_H 1
| /* end confdefs.h.  */
| #include <valgrind/helgrind.h>
configure:12014: result: no
configure:12014: checking for valgrind/helgrind.h
configure:12014: result: no
configure:12027: checking drd.h usability
configure:12027: pgcc -c      conftest.c >&5
PGC-F-0206-Can't find include file drd.h (conftest.c: 69)
PGC/x86-64 Linux 13.6-0: compilation aborted
configure:12027: $? = 2
configure: failed program was:
| /* confdefs.h */
| #define PACKAGE_NAME "MPL"
| #define PACKAGE_TARNAME "mpl"
| #define PACKAGE_VERSION "0.1"
| #define PACKAGE_STRING "MPL 0.1"
| #define PACKAGE_BUGREPORT ""
| #define PACKAGE_URL ""
| #define PACKAGE "mpl"
| #define VERSION "0.1"
| #define STDC_HEADERS 1
| #define HAVE_SYS_TYPES_H 1
| #define HAVE_SYS_STAT_H 1
| #define HAVE_STDLIB_H 1
| #define HAVE_STRING_H 1
| #define HAVE_MEMORY_H 1
| #define HAVE_STRINGS_H 1
| #define HAVE_INTTYPES_H 1
| #define HAVE_STDINT_H 1
| #define HAVE_UNISTD_H 1
| #define HAVE_DLFCN_H 1
| #define LT_OBJDIR ".libs/"
| #define restrict __restrict
| #define HAVE_MACRO_VA_ARGS 1
| #define HAVE___TYPEOF 1
| #define HAVE_STDIO_H 1
| #define HAVE_STDLIB_H 1
| #define HAVE_STRING_H 1
| #define HAVE_STDARG_H 1
| #define HAVE_CTYPE_H 1
| #define HAVE_SEARCH_H 1
| #define HAVE_SYS_TYPES_H 1
| #define HAVE_SYS_UIO_H 1
| #define HAVE_INTTYPES_H 1
| #define HAVE_STDINT_H 1
| /* end confdefs.h.  */
| #include <stdio.h>
| #ifdef HAVE_SYS_TYPES_H
| # include <sys/types.h>
| #endif
| #ifdef HAVE_SYS_STAT_H
| # include <sys/stat.h>
| #endif
| #ifdef STDC_HEADERS
| # include <stdlib.h>
| # include <stddef.h>
| #else
| # ifdef HAVE_STDLIB_H
| #  include <stdlib.h>
| # endif
| #endif
| #ifdef HAVE_STRING_H
| # if !defined STDC_HEADERS && defined HAVE_MEMORY_H
| #  include <memory.h>
| # endif
| # include <string.h>
| #endif
| #ifdef HAVE_STRINGS_H
| # include <strings.h>
| #endif
| #ifdef HAVE_INTTYPES_H
| # include <inttypes.h>
| #endif
| #ifdef HAVE_STDINT_H
| # include <stdint.h>
| #endif
| #ifdef HAVE_UNISTD_H
| # include <unistd.h>
| #endif
| #include <drd.h>
configure:12027: result: no
configure:12027: checking drd.h presence
configure:12027: pgcc -E   conftest.c
PGC-F-0206-Can't find include file drd.h (conftest.c: 36)
PGC/x86-64 Linux 13.6-0: compilation aborted
configure:12027: $? = 2
configure: failed program was:
| /* confdefs.h */
| #define PACKAGE_NAME "MPL"
| #define PACKAGE_TARNAME "mpl"
| #define PACKAGE_VERSION "0.1"
| #define PACKAGE_STRING "MPL 0.1"
| #define PACKAGE_BUGREPORT ""
| #define PACKAGE_URL ""
| #define PACKAGE "mpl"
| #define VERSION "0.1"
| #define STDC_HEADERS 1
| #define HAVE_SYS_TYPES_H 1
| #define HAVE_SYS_STAT_H 1
| #define HAVE_STDLIB_H 1
| #define HAVE_STRING_H 1
| #define HAVE_MEMORY_H 1
| #define HAVE_STRINGS_H 1
| #define HAVE_INTTYPES_H 1
| #define HAVE_STDINT_H 1
| #define HAVE_UNISTD_H 1
| #define HAVE_DLFCN_H 1
| #define LT_OBJDIR ".libs/"
| #define restrict __restrict
| #define HAVE_MACRO_VA_ARGS 1
| #define HAVE___TYPEOF 1
| #define HAVE_STDIO_H 1
| #define HAVE_STDLIB_H 1
| #define HAVE_STRING_H 1
| #define HAVE_STDARG_H 1
| #define HAVE_CTYPE_H 1
| #define HAVE_SEARCH_H 1
| #define HAVE_SYS_TYPES_H 1
| #define HAVE_SYS_UIO_H 1
| #define HAVE_INTTYPES_H 1
| #define HAVE_STDINT_H 1
| /* end confdefs.h.  */
| #include <drd.h>
configure:12027: result: no
configure:12027: checking for drd.h
configure:12027: result: no
configure:12027: checking valgrind/drd.h usability
configure:12027: pgcc -c      conftest.c >&5
PGC-F-0206-Can't find include file valgrind/drd.h (conftest.c: 69)
PGC/x86-64 Linux 13.6-0: compilation aborted
configure:12027: $? = 2
configure: failed program was:
| /* confdefs.h */
| #define PACKAGE_NAME "MPL"
| #define PACKAGE_TARNAME "mpl"
| #define PACKAGE_VERSION "0.1"
| #define PACKAGE_STRING "MPL 0.1"
| #define PACKAGE_BUGREPORT ""
| #define PACKAGE_URL ""
| #define PACKAGE "mpl"
| #define VERSION "0.1"
| #define STDC_HEADERS 1
| #define HAVE_SYS_TYPES_H 1
| #define HAVE_SYS_STAT_H 1
| #define HAVE_STDLIB_H 1
| #define HAVE_STRING_H 1
| #define HAVE_MEMORY_H 1
| #define HAVE_STRINGS_H 1
| #define HAVE_INTTYPES_H 1
| #define HAVE_STDINT_H 1
| #define HAVE_UNISTD_H 1
| #define HAVE_DLFCN_H 1
| #define LT_OBJDIR ".libs/"
| #define restrict __restrict
| #define HAVE_MACRO_VA_ARGS 1
| #define HAVE___TYPEOF 1
| #define HAVE_STDIO_H 1
| #define HAVE_STDLIB_H 1
| #define HAVE_STRING_H 1
| #define HAVE_STDARG_H 1
| #define HAVE_CTYPE_H 1
| #define HAVE_SEARCH_H 1
| #define HAVE_SYS_TYPES_H 1
| #define HAVE_SYS_UIO_H 1
| #define HAVE_INTTYPES_H 1
| #define HAVE_STDINT_H 1
| /* end confdefs.h.  */
| #include <stdio.h>
| #ifdef HAVE_SYS_TYPES_H
| # include <sys/types.h>
| #endif
| #ifdef HAVE_SYS_STAT_H
| # include <sys/stat.h>
| #endif
| #ifdef STDC_HEADERS
| # include <stdlib.h>
| # include <stddef.h>
| #else
| # ifdef HAVE_STDLIB_H
| #  include <stdlib.h>
| # endif
| #endif
| #ifdef HAVE_STRING_H
| # if !defined STDC_HEADERS && defined HAVE_MEMORY_H
| #  include <memory.h>
| # endif
| # include <string.h>
| #endif
| #ifdef HAVE_STRINGS_H
| # include <strings.h>
| #endif
| #ifdef HAVE_INTTYPES_H
| # include <inttypes.h>
| #endif
| #ifdef HAVE_STDINT_H
| # include <stdint.h>
| #endif
| #ifdef HAVE_UNISTD_H
| # include <unistd.h>
| #endif
| #include <valgrind/drd.h>
configure:12027: result: no
configure:12027: checking valgrind/drd.h presence
configure:12027: pgcc -E   conftest.c
PGC-F-0206-Can't find include file valgrind/drd.h (conftest.c: 36)
PGC/x86-64 Linux 13.6-0: compilation aborted
configure:12027: $? = 2
configure: failed program was:
| /* confdefs.h */
| #define PACKAGE_NAME "MPL"
| #define PACKAGE_TARNAME "mpl"
| #define PACKAGE_VERSION "0.1"
| #define PACKAGE_STRING "MPL 0.1"
| #define PACKAGE_BUGREPORT ""
| #define PACKAGE_URL ""
| #define PACKAGE "mpl"
| #define VERSION "0.1"
| #define STDC_HEADERS 1
| #define HAVE_SYS_TYPES_H 1
| #define HAVE_SYS_STAT_H 1
| #define HAVE_STDLIB_H 1
| #define HAVE_STRING_H 1
| #define HAVE_MEMORY_H 1
| #define HAVE_STRINGS_H 1
| #define HAVE_INTTYPES_H 1
| #define HAVE_STDINT_H 1
| #define HAVE_UNISTD_H 1
| #define HAVE_DLFCN_H 1
| #define LT_OBJDIR ".libs/"
| #define restrict __restrict
| #define HAVE_MACRO_VA_ARGS 1
| #define HAVE___TYPEOF 1
| #define HAVE_STDIO_H 1
| #define HAVE_STDLIB_H 1
| #define HAVE_STRING_H 1
| #define HAVE_STDARG_H 1
| #define HAVE_CTYPE_H 1
| #define HAVE_SEARCH_H 1
| #define HAVE_SYS_TYPES_H 1
| #define HAVE_SYS_UIO_H 1
| #define HAVE_INTTYPES_H 1
| #define HAVE_STDINT_H 1
| /* end confdefs.h.  */
| #include <valgrind/drd.h>
configure:12027: result: no
configure:12027: checking for valgrind/drd.h
configure:12027: result: no
configure:12042: checking whether the valgrind headers are broken or too old
configure:12094: pgcc -o conftest        conftest.c   >&5
PGC-F-0249-#error --  unexpected valgrind header error (conftest.c: 44)
PGC/x86-64 Linux 13.6-0: compilation aborted
configure:12094: $? = 2
configure: failed program was:
| /* confdefs.h */
| #define PACKAGE_NAME "MPL"
| #define PACKAGE_TARNAME "mpl"
| #define PACKAGE_VERSION "0.1"
| #define PACKAGE_STRING "MPL 0.1"
| #define PACKAGE_BUGREPORT ""
| #define PACKAGE_URL ""
| #define PACKAGE "mpl"
| #define VERSION "0.1"
| #define STDC_HEADERS 1
| #define HAVE_SYS_TYPES_H 1
| #define HAVE_SYS_STAT_H 1
| #define HAVE_STDLIB_H 1
| #define HAVE_STRING_H 1
| #define HAVE_MEMORY_H 1
| #define HAVE_STRINGS_H 1
| #define HAVE_INTTYPES_H 1
| #define HAVE_STDINT_H 1
| #define HAVE_UNISTD_H 1
| #define HAVE_DLFCN_H 1
| #define LT_OBJDIR ".libs/"
| #define restrict __restrict
| #define HAVE_MACRO_VA_ARGS 1
| #define HAVE___TYPEOF 1
| #define HAVE_STDIO_H 1
| #define HAVE_STDLIB_H 1
| #define HAVE_STRING_H 1
| #define HAVE_STDARG_H 1
| #define HAVE_CTYPE_H 1
| #define HAVE_SEARCH_H 1
| #define HAVE_SYS_TYPES_H 1
| #define HAVE_SYS_UIO_H 1
| #define HAVE_INTTYPES_H 1
| #define HAVE_STDINT_H 1
| /* end confdefs.h.  */
| 
| #if defined(HAVE_VALGRIND_H) && defined(HAVE_MEMCHECK_H)
| #  include <valgrind.h>
| #  include <memcheck.h>
| #elif defined(HAVE_VALGRIND_VALGRIND_H) && defined(HAVE_VALGRIND_MEMCHECK_H)
| #  include <valgrind/valgrind.h>
| #  include <valgrind/memcheck.h>
| #else
| #  error unexpected valgrind header error
| #endif
| int foo = 10;
| char mempool_obj;
| 
| int
| main ()
| {
| 
| #if defined(VALGRIND_MAKE_MEM_DEFINED)
|     VALGRIND_MAKE_MEM_NOACCESS(&foo,sizeof(foo));
|     VALGRIND_MAKE_MEM_UNDEFINED(&foo,sizeof(foo));
|     VALGRIND_MAKE_MEM_DEFINED(&foo,sizeof(foo));
|     VALGRIND_CHECK_MEM_IS_DEFINED(&foo,sizeof(foo));
|     VALGRIND_CHECK_MEM_IS_ADDRESSABLE(&foo,sizeof(foo));
| #elif defined(VALGRIND_MAKE_READABLE)
| /* older (pre-3.2.0), but still supported style */
|     VALGRIND_MAKE_READABLE(&foo,sizeof(foo));
|     VALGRIND_MAKE_NOACCESS(&foo,sizeof(foo));
|     VALGRIND_MAKE_UNDEFINED(&foo,sizeof(foo));
|     VALGRIND_CHECK_READABLE(&foo,sizeof(foo));
|     VALGRIND_CHECK_WRITEABLE(&foo,sizeof(foo));
| #else
| #error missing essential valgrind client macros
| #endif
|     VALGRIND_CREATE_BLOCK(&foo,sizeof(foo),"description");
|     if (RUNNING_ON_VALGRIND) ++foo;
|     VALGRIND_PRINTF_BACKTRACE("testing: %s","valgrind support");
|     VALGRIND_CREATE_MEMPOOL(&mempool_obj,0,0);
|     VALGRIND_MEMPOOL_ALLOC(&mempool_obj,&foo,sizeof(foo));
|     VALGRIND_MEMPOOL_FREE(&mempool_obj,&foo);
|     VALGRIND_DESTROY_MEMPOOL(&mempool_obj);
| 
|   ;
|   return 0;
| }
configure:12102: result: yes
configure:12135: checking for strdup
configure:12135: pgcc -o conftest        conftest.c   >&5
configure:12135: $? = 0
configure:12135: result: yes
configure:12146: checking whether strdup needs a declaration
configure:12164: pgcc -c      conftest.c >&5
configure:12164: $? = 0
configure:12171: result: no
configure:12187: checking for snprintf
configure:12187: pgcc -o conftest        conftest.c   >&5
configure:12187: $? = 0
configure:12187: result: yes
configure:12198: checking whether snprintf needs a declaration
configure:12216: pgcc -c      conftest.c >&5
configure:12216: $? = 0
configure:12223: result: no
configure:12239: checking for strncmp
configure:12239: pgcc -o conftest        conftest.c   >&5
configure:12239: $? = 0
configure:12239: result: yes
configure:12250: checking whether strncmp needs a declaration
configure:12268: pgcc -c      conftest.c >&5
configure:12268: $? = 0
configure:12275: result: no
configure:12291: checking for putenv
configure:12291: pgcc -o conftest        conftest.c   >&5
configure:12291: $? = 0
configure:12291: result: yes
configure:12302: checking whether putenv needs a declaration
configure:12320: pgcc -c      conftest.c >&5
configure:12320: $? = 0
configure:12327: result: no
configure:12515: checking that generated files are newer than configure
configure:12521: result: done
configure:12552: creating ./config.status

## ---------------------- ##
## Running config.status. ##
## ---------------------- ##

This file was extended by MPL config.status 0.1, which was
generated by GNU Autoconf 2.69.  Invocation command line was

  CONFIG_FILES    = 
  CONFIG_HEADERS  = 
  CONFIG_LINKS    = 
  CONFIG_COMMANDS = 
  $ ./config.status 

on hopper05

config.status:1110: creating Makefile
config.status:1110: creating localdefs
config.status:1110: creating include/config.h
config.status:1339: executing depfiles commands
config.status:1339: executing libtool commands
config.status:1339: executing include/mplconfig.h commands
config.status:2100: creating include/mplconfig.h - prefix MPL for include/config.h defines

## ---------------- ##
## Cache variables. ##
## ---------------- ##

ac_cv_build=x86_64-unknown-linux-gnu
ac_cv_c_compiler_gnu=no
ac_cv_c_const=yes
ac_cv_c_inline=inline
ac_cv_c_restrict=__restrict
ac_cv_env_CC_set=set
ac_cv_env_CC_value=pgcc
ac_cv_env_CFLAGS_set=set
ac_cv_env_CFLAGS_value='  '
ac_cv_env_CPPFLAGS_set=set
ac_cv_env_CPPFLAGS_value=' '
ac_cv_env_CPP_set=
ac_cv_env_CPP_value=
ac_cv_env_FROM_MPICH_set=set
ac_cv_env_FROM_MPICH_value=yes
ac_cv_env_GCOV_set=
ac_cv_env_GCOV_value=
ac_cv_env_LDFLAGS_set=set
ac_cv_env_LDFLAGS_value=' '
ac_cv_env_LIBS_set=set
ac_cv_env_LIBS_value=' '
ac_cv_env_MPLLIBNAME_set=set
ac_cv_env_MPLLIBNAME_value=mpl
ac_cv_env_build_alias_set=
ac_cv_env_build_alias_value=
ac_cv_env_host_alias_set=
ac_cv_env_host_alias_value=
ac_cv_env_target_alias_set=
ac_cv_env_target_alias_value=
ac_cv_func_putenv=yes
ac_cv_func_snprintf=yes
ac_cv_func_strdup=yes
ac_cv_func_strncmp=yes
ac_cv_header_ctype_h=yes
ac_cv_header_dlfcn_h=yes
ac_cv_header_drd_h=no
ac_cv_header_helgrind_h=no
ac_cv_header_inttypes_h=yes
ac_cv_header_memcheck_h=no
ac_cv_header_memory_h=yes
ac_cv_header_search_h=yes
ac_cv_header_stdarg_h=yes
ac_cv_header_stdc=yes
ac_cv_header_stdint_h=yes
ac_cv_header_stdio_h=yes
ac_cv_header_stdlib_h=yes
ac_cv_header_string_h=yes
ac_cv_header_strings_h=yes
ac_cv_header_sys_stat_h=yes
ac_cv_header_sys_types_h=yes
ac_cv_header_sys_uio_h=yes
ac_cv_header_unistd_h=yes
ac_cv_header_valgrind_drd_h=no
ac_cv_header_valgrind_h=no
ac_cv_header_valgrind_helgrind_h=no
ac_cv_header_valgrind_memcheck_h=no
ac_cv_header_valgrind_valgrind_h=no
ac_cv_host=x86_64-unknown-linux-gnu
ac_cv_objext=o
ac_cv_path_EGREP='/usr/bin/grep -E'
ac_cv_path_FGREP='/usr/bin/grep -F'
ac_cv_path_GREP=/usr/bin/grep
ac_cv_path_SED=/usr/bin/sed
ac_cv_path_install='/usr/bin/install -c'
ac_cv_path_mkdir=/bin/mkdir
ac_cv_prog_AWK=gawk
ac_cv_prog_CPP='pgcc -E'
ac_cv_prog_GCOV=gcov
ac_cv_prog_ac_ct_MANIFEST_TOOL=mt
ac_cv_prog_ac_ct_OBJDUMP=objdump
ac_cv_prog_ac_ct_RANLIB=ranlib
ac_cv_prog_ac_ct_STRIP=strip
ac_cv_prog_cc_c89=
ac_cv_prog_cc_g=yes
ac_cv_prog_make_make_set=yes
am_cv_CC_dependencies_compiler_type=pgcc
am_cv_ar_interface=ar
am_cv_make_support_nested_variables=yes
am_cv_prog_cc_c_o=yes
lt_cv_ar_at_file=@
lt_cv_deplibs_check_method=pass_all
lt_cv_file_magic_cmd='$MAGIC_CMD'
lt_cv_file_magic_test_file=
lt_cv_ld_reload_flag=-r
lt_cv_nm_interface='BSD nm'
lt_cv_objdir=.libs
lt_cv_path_LD=/usr/bin/X11/ld
lt_cv_path_NM='/usr/bin/nm -B'
lt_cv_path_mainfest_tool=no
lt_cv_prog_compiler_c_o=yes
lt_cv_prog_compiler_pic='-fpic -DPIC'
lt_cv_prog_compiler_pic_works=yes
lt_cv_prog_compiler_static_works=yes
lt_cv_prog_gnu_ld=yes
lt_cv_sharedlib_from_linklib_cmd='printf %s\n'
lt_cv_shlibpath_overrides_runpath=yes
lt_cv_sys_global_symbol_pipe='sed -n -e '\''s/^.*[	 ]\([ABCDGIRSTW][ABCDGIRSTW]*\)[	 ][	 ]*\([_A-Za-z][_A-Za-z0-9]*\)$/\1 \2 \2/p'\'' | sed '\''/ __gnu_lto/d'\'''
lt_cv_sys_global_symbol_to_c_name_address='sed -n -e '\''s/^: \([^ ]*\)[ ]*$/  {\"\1\", (void *) 0},/p'\'' -e '\''s/^[ABCDGIRSTW]* \([^ ]*\) \([^ ]*\)$/  {"\2", (void *) \&\2},/p'\'''
lt_cv_sys_global_symbol_to_c_name_address_lib_prefix='sed -n -e '\''s/^: \([^ ]*\)[ ]*$/  {\"\1\", (void *) 0},/p'\'' -e '\''s/^[ABCDGIRSTW]* \([^ ]*\) \(lib[^ ]*\)$/  {"\2", (void *) \&\2},/p'\'' -e '\''s/^[ABCDGIRSTW]* \([^ ]*\) \([^ ]*\)$/  {"lib\2", (void *) \&\2},/p'\'''
lt_cv_sys_global_symbol_to_cdecl='sed -n -e '\''s/^T .* \(.*\)$/extern int \1();/p'\'' -e '\''s/^[ABCDGIRSTW]* .* \(.*\)$/extern char \1;/p'\'''
lt_cv_sys_max_cmd_len=3458764513820540925
lt_cv_to_host_file_cmd=func_convert_file_noop
lt_cv_to_tool_file_cmd=func_convert_file_noop
pac_cv_func_decl_putenv=no
pac_cv_func_decl_snprintf=no
pac_cv_func_decl_strdup=no
pac_cv_func_decl_strncmp=no
pac_cv_have___typeof=yes
pac_cv_have_broken_valgrind=yes

## ----------------- ##
## Output variables. ##
## ----------------- ##

ACLOCAL='${SHELL} /global/homes/j/jialin/mpich-ccpute/src/mpl/confdb/missing aclocal-1.14'
AMDEPBACKSLASH='\'
AMDEP_FALSE='#'
AMDEP_TRUE=''
AMTAR='$${TAR-tar}'
AM_BACKSLASH='\'
AM_DEFAULT_V='$(AM_DEFAULT_VERBOSITY)'
AM_DEFAULT_VERBOSITY='0'
AM_V='$(V)'
AR='ar'
AUTOCONF='${SHELL} /global/homes/j/jialin/mpich-ccpute/src/mpl/confdb/missing autoconf'
AUTOHEADER='${SHELL} /global/homes/j/jialin/mpich-ccpute/src/mpl/confdb/missing autoheader'
AUTOMAKE='${SHELL} /global/homes/j/jialin/mpich-ccpute/src/mpl/confdb/missing automake-1.14'
AWK='gawk'
BUILD_COVERAGE_FALSE=''
BUILD_COVERAGE_TRUE='#'
CC='pgcc'
CCDEPMODE='depmode=pgcc'
CFLAGS='  '
CPP='pgcc -E'
CPPFLAGS=' '
CYGPATH_W='echo'
DEFS='-DHAVE_CONFIG_H'
DEPDIR='.deps'
DLLTOOL='false'
DSYMUTIL=''
DUMPBIN=''
ECHO_C=''
ECHO_N='-n'
ECHO_T=''
EGREP='/usr/bin/grep -E'
EXEEXT=''
FGREP='/usr/bin/grep -F'
FROM_MPICH='yes'
GCOV='gcov'
GREP='/usr/bin/grep'
INSTALL_DATA='${INSTALL} -m 644'
INSTALL_PROGRAM='${INSTALL}'
INSTALL_SCRIPT='${INSTALL}'
INSTALL_STRIP_PROGRAM='$(install_sh) -c -s'
LD='/usr/bin/X11/ld -m elf_x86_64'
LDFLAGS=' '
LIBOBJS=''
LIBS=' '
LIBTOOL='$(SHELL) $(top_builddir)/libtool'
LIPO=''
LN_S='ln -s'
LTLIBOBJS=''
MAKEINFO='${SHELL} /global/homes/j/jialin/mpich-ccpute/src/mpl/confdb/missing makeinfo'
MANIFEST_TOOL=':'
MKDIR_P='/bin/mkdir -p'
MPLLIBNAME='mpl'
MPL_EMBEDDED_MODE_FALSE='#'
MPL_EMBEDDED_MODE_TRUE=''
NM='/usr/bin/nm -B'
NMEDIT=''
OBJDUMP='objdump'
OBJEXT='o'
OTOOL64=''
OTOOL=''
PACKAGE='mpl'
PACKAGE_BUGREPORT=''
PACKAGE_NAME='MPL'
PACKAGE_STRING='MPL 0.1'
PACKAGE_TARNAME='mpl'
PACKAGE_URL=''
PACKAGE_VERSION='0.1'
PATH_SEPARATOR=':'
RANLIB='ranlib'
SED='/usr/bin/sed'
SET_MAKE=''
SHELL='/bin/sh'
STRIP='strip'
VERSION='0.1'
ac_ct_AR=''
ac_ct_CC=''
ac_ct_DUMPBIN=''
am__EXEEXT_FALSE=''
am__EXEEXT_TRUE='#'
am__fastdepCC_FALSE=''
am__fastdepCC_TRUE='#'
am__include='include'
am__isrc=''
am__leading_dot='.'
am__nodep='_no'
am__quote=''
am__tar='$${TAR-tar} chof - "$$tardir"'
am__untar='$${TAR-tar} xf -'
bindir='${exec_prefix}/bin'
build='x86_64-unknown-linux-gnu'
build_alias=''
build_cpu='x86_64'
build_os='linux-gnu'
build_vendor='unknown'
datadir='${datarootdir}'
datarootdir='${prefix}/share'
docdir='${datarootdir}/doc/${PACKAGE_TARNAME}'
dvidir='${docdir}'
exec_prefix='${prefix}'
host='x86_64-unknown-linux-gnu'
host_alias=''
host_cpu='x86_64'
host_os='linux-gnu'
host_vendor='unknown'
htmldir='${docdir}'
includedir='${prefix}/include'
infodir='${datarootdir}/info'
install_sh='${SHELL} /global/homes/j/jialin/mpich-ccpute/src/mpl/confdb/install-sh'
libdir='${exec_prefix}/lib'
libexecdir='${exec_prefix}/libexec'
libmpl_so_version='1:0'
libmpl_so_versionflags='-version-info $(libmpl_so_version)'
localedir='${datarootdir}/locale'
localstatedir='${prefix}/var'
mandir='${datarootdir}/man'
mkdir_p='$(MKDIR_P)'
oldincludedir='/usr/include'
pdfdir='${docdir}'
prefix='/global/homes/j/jialin/install'
program_transform_name='s,x,x,'
psdir='${docdir}'
sbindir='${exec_prefix}/sbin'
sharedstatedir='${prefix}/com'
sysconfdir='${prefix}/etc'
target_alias=''

## ----------- ##
## confdefs.h. ##
## ----------- ##

/* confdefs.h */
#define PACKAGE_NAME "MPL"
#define PACKAGE_TARNAME "mpl"
#define PACKAGE_VERSION "0.1"
#define PACKAGE_STRING "MPL 0.1"
#define PACKAGE_BUGREPORT ""
#define PACKAGE_URL ""
#define PACKAGE "mpl"
#define VERSION "0.1"
#define STDC_HEADERS 1
#define HAVE_SYS_TYPES_H 1
#define HAVE_SYS_STAT_H 1
#define HAVE_STDLIB_H 1
#define HAVE_STRING_H 1
#define HAVE_MEMORY_H 1
#define HAVE_STRINGS_H 1
#define HAVE_INTTYPES_H 1
#define HAVE_STDINT_H 1
#define HAVE_UNISTD_H 1
#define HAVE_DLFCN_H 1
#define LT_OBJDIR ".libs/"
#define restrict __restrict
#define HAVE_MACRO_VA_ARGS 1
#define HAVE___TYPEOF 1
#define HAVE_STDIO_H 1
#define HAVE_STDLIB_H 1
#define HAVE_STRING_H 1
#define HAVE_STDARG_H 1
#define HAVE_CTYPE_H 1
#define HAVE_SEARCH_H 1
#define HAVE_SYS_TYPES_H 1
#define HAVE_SYS_UIO_H 1
#define HAVE_INTTYPES_H 1
#define HAVE_STDINT_H 1
#define HAVE_BROKEN_VALGRIND 1
#define HAVE_STRDUP 1
#define HAVE_SNPRINTF 1
#define HAVE_STRNCMP 1
#define HAVE_PUTENV 1

configure: exit 0
